<?xml version="1.0" encoding="UTF-8"?>
<robot generator="Robot 6.1.1 (Python 3.11.6 on darwin)" generated="20231116 13:31:15.613" rpa="false" schemaversion="4">
<suite id="s1" name="PetClinic" source="/Users/Admin/Documents/Automation/Robot/petclinic/suites/PetClinic.robot">
<test id="s1-t1" name="Sc01: Warning message when fill forbidden data" line="10">
<kw name="Given User open &quot;Find owners&quot; menu" library="FindOwnersPage" type="SETUP">
<kw name="User open petclinic website" library="HomePage">
<kw name="Open Browser" library="SeleniumLibrary">
<arg>${URL}</arg>
<arg>chrome</arg>
<doc>Opens a new browser instance to the optional ``url``.</doc>
<msg timestamp="20231116 13:31:15.698" level="INFO">Opening browser 'chrome' to base url 'https://petclinic.justdev.tech/'.</msg>
<status status="PASS" starttime="20231116 13:31:15.698" endtime="20231116 13:31:25.603"/>
</kw>
<kw name="Maximize Browser Window" library="SeleniumLibrary">
<doc>Maximizes current browser window.</doc>
<status status="PASS" starttime="20231116 13:31:25.604" endtime="20231116 13:31:26.059"/>
</kw>
<kw name="Wait Until Element Is Visible" library="SeleniumLibrary">
<arg>${imgWelcome}</arg>
<arg>timeout=5</arg>
<doc>Waits until the element ``locator`` is visible.</doc>
<status status="PASS" starttime="20231116 13:31:26.059" endtime="20231116 13:31:26.228"/>
</kw>
<status status="PASS" starttime="20231116 13:31:15.698" endtime="20231116 13:31:26.228"/>
</kw>
<kw name="Click Element" library="SeleniumLibrary">
<arg>${btnFindOwners}</arg>
<doc>Click the element identified by ``locator``.</doc>
<msg timestamp="20231116 13:31:26.228" level="INFO">Clicking element 'css=a[href="/owners/find"]'.</msg>
<status status="PASS" starttime="20231116 13:31:26.228" endtime="20231116 13:31:26.928"/>
</kw>
<kw name="Wait Until Element Is Visible" library="SeleniumLibrary">
<arg>${searchOwnerForm}</arg>
<arg>timeout=5</arg>
<doc>Waits until the element ``locator`` is visible.</doc>
<status status="PASS" starttime="20231116 13:31:26.928" endtime="20231116 13:31:26.981"/>
</kw>
<status status="PASS" starttime="20231116 13:31:15.698" endtime="20231116 13:31:26.981"/>
</kw>
<kw name="When User create owner first name:&quot;toto&quot;, last name:&quot;paul&quot;, adress:&quot;une rue&quot;, city:&quot;todo&quot;, telephone: &quot;toto&quot;" library="FindOwnersPage" sourcename="User create owner first name:&quot;${firstname}&quot;, last name:&quot;${lastname}&quot;, adress:&quot;${address}&quot;, city:&quot;${city}&quot;, telephone: &quot;${telephone}&quot;">
<kw name="Set Global Variable" library="BuiltIn">
<arg>${firstname}</arg>
<arg>${firstname}</arg>
<doc>Makes a variable available globally in all tests and suites.</doc>
<msg timestamp="20231116 13:31:26.982" level="INFO">${firstname} = toto</msg>
<status status="PASS" starttime="20231116 13:31:26.982" endtime="20231116 13:31:26.982"/>
</kw>
<kw name="Set Global Variable" library="BuiltIn">
<arg>${lastname}</arg>
<arg>${lastname}</arg>
<doc>Makes a variable available globally in all tests and suites.</doc>
<msg timestamp="20231116 13:31:26.982" level="INFO">${lastname} = paul</msg>
<status status="PASS" starttime="20231116 13:31:26.982" endtime="20231116 13:31:26.982"/>
</kw>
<kw name="Set Global Variable" library="BuiltIn">
<arg>${address}</arg>
<arg>${address}</arg>
<doc>Makes a variable available globally in all tests and suites.</doc>
<msg timestamp="20231116 13:31:26.982" level="INFO">${address} = une rue</msg>
<status status="PASS" starttime="20231116 13:31:26.982" endtime="20231116 13:31:26.982"/>
</kw>
<kw name="Set Global Variable" library="BuiltIn">
<arg>${city}</arg>
<arg>${city}</arg>
<doc>Makes a variable available globally in all tests and suites.</doc>
<msg timestamp="20231116 13:31:26.982" level="INFO">${city} = todo</msg>
<status status="PASS" starttime="20231116 13:31:26.982" endtime="20231116 13:31:26.982"/>
</kw>
<kw name="Set Global Variable" library="BuiltIn">
<arg>${telephone}</arg>
<arg>${telephone}</arg>
<doc>Makes a variable available globally in all tests and suites.</doc>
<msg timestamp="20231116 13:31:26.982" level="INFO">${telephone} = toto</msg>
<status status="PASS" starttime="20231116 13:31:26.982" endtime="20231116 13:31:26.982"/>
</kw>
<kw name="User click button Add owner" library="FindOwnersPage">
<kw name="Click Element" library="SeleniumLibrary">
<arg>${btnAddOwner}</arg>
<doc>Click the element identified by ``locator``.</doc>
<msg timestamp="20231116 13:31:26.983" level="INFO">Clicking element 'css=a[href='/owners/new']'.</msg>
<status status="PASS" starttime="20231116 13:31:26.983" endtime="20231116 13:31:27.532"/>
</kw>
<kw name="Wait Until Element Is Visible" library="SeleniumLibrary">
<arg>${addOwnerForm}</arg>
<arg>timeout=5</arg>
<doc>Waits until the element ``locator`` is visible.</doc>
<status status="PASS" starttime="20231116 13:31:27.532" endtime="20231116 13:31:27.562"/>
</kw>
<status status="PASS" starttime="20231116 13:31:26.983" endtime="20231116 13:31:27.562"/>
</kw>
<kw name="User input firstname" library="FindOwnersPage">
<arg>${firstname}</arg>
<if>
<branch type="IF" condition="&quot;${firstname}&quot; != &quot;${EMPTY}&quot;">
<kw name="Input Text" library="SeleniumLibrary">
<arg>${txtFirstname}</arg>
<arg>${firstname}</arg>
<doc>Types the given ``text`` into the text field identified by ``locator``.</doc>
<msg timestamp="20231116 13:31:27.563" level="INFO">Typing text 'toto' into text field 'id=firstName'.</msg>
<status status="PASS" starttime="20231116 13:31:27.563" endtime="20231116 13:31:27.919"/>
</kw>
<status status="PASS" starttime="20231116 13:31:27.562" endtime="20231116 13:31:27.919"/>
</branch>
<status status="PASS" starttime="20231116 13:31:27.562" endtime="20231116 13:31:27.919"/>
</if>
<status status="PASS" starttime="20231116 13:31:27.562" endtime="20231116 13:31:27.919"/>
</kw>
<kw name="User input lastname" library="FindOwnersPage">
<arg>${lastname}</arg>
<if>
<branch type="IF" condition="&quot;${lastname}&quot; != &quot;${EMPTY}&quot;">
<kw name="Input Text" library="SeleniumLibrary">
<arg>${txtLastname}</arg>
<arg>${lastname}</arg>
<doc>Types the given ``text`` into the text field identified by ``locator``.</doc>
<msg timestamp="20231116 13:31:27.920" level="INFO">Typing text 'paul' into text field 'id=lastName'.</msg>
<status status="PASS" starttime="20231116 13:31:27.920" endtime="20231116 13:31:28.068"/>
</kw>
<status status="PASS" starttime="20231116 13:31:27.920" endtime="20231116 13:31:28.068"/>
</branch>
<status status="PASS" starttime="20231116 13:31:27.920" endtime="20231116 13:31:28.068"/>
</if>
<status status="PASS" starttime="20231116 13:31:27.919" endtime="20231116 13:31:28.068"/>
</kw>
<kw name="User input address" library="FindOwnersPage">
<arg>${address}</arg>
<if>
<branch type="IF" condition="&quot;${address}&quot; != &quot;${EMPTY}&quot;">
<kw name="Input Text" library="SeleniumLibrary">
<arg>${txtAddress}</arg>
<arg>${address}</arg>
<doc>Types the given ``text`` into the text field identified by ``locator``.</doc>
<msg timestamp="20231116 13:31:28.069" level="INFO">Typing text 'une rue' into text field 'id=address'.</msg>
<status status="PASS" starttime="20231116 13:31:28.069" endtime="20231116 13:31:28.140"/>
</kw>
<status status="PASS" starttime="20231116 13:31:28.068" endtime="20231116 13:31:28.140"/>
</branch>
<status status="PASS" starttime="20231116 13:31:28.068" endtime="20231116 13:31:28.140"/>
</if>
<status status="PASS" starttime="20231116 13:31:28.068" endtime="20231116 13:31:28.140"/>
</kw>
<kw name="User input city" library="FindOwnersPage">
<arg>${city}</arg>
<if>
<branch type="IF" condition="&quot;${city}&quot; != &quot;${EMPTY}&quot;">
<kw name="Input Text" library="SeleniumLibrary">
<arg>${txtCity}</arg>
<arg>${city}</arg>
<doc>Types the given ``text`` into the text field identified by ``locator``.</doc>
<msg timestamp="20231116 13:31:28.141" level="INFO">Typing text 'todo' into text field 'id=city'.</msg>
<status status="PASS" starttime="20231116 13:31:28.141" endtime="20231116 13:31:28.197"/>
</kw>
<status status="PASS" starttime="20231116 13:31:28.141" endtime="20231116 13:31:28.197"/>
</branch>
<status status="PASS" starttime="20231116 13:31:28.141" endtime="20231116 13:31:28.197"/>
</if>
<status status="PASS" starttime="20231116 13:31:28.140" endtime="20231116 13:31:28.197"/>
</kw>
<kw name="User input telephone" library="FindOwnersPage">
<arg>${telephone}</arg>
<if>
<branch type="IF" condition="&quot;${telephone}&quot; != &quot;${EMPTY}&quot;">
<kw name="Input Text" library="SeleniumLibrary">
<arg>${txtTelephone}</arg>
<arg>${telephone}</arg>
<doc>Types the given ``text`` into the text field identified by ``locator``.</doc>
<msg timestamp="20231116 13:31:28.198" level="INFO">Typing text 'toto' into text field 'id=telephone'.</msg>
<status status="PASS" starttime="20231116 13:31:28.198" endtime="20231116 13:31:28.241"/>
</kw>
<status status="PASS" starttime="20231116 13:31:28.197" endtime="20231116 13:31:28.241"/>
</branch>
<status status="PASS" starttime="20231116 13:31:28.197" endtime="20231116 13:31:28.241"/>
</if>
<status status="PASS" starttime="20231116 13:31:28.197" endtime="20231116 13:31:28.241"/>
</kw>
<kw name="User click button Create owner" library="FindOwnersPage">
<kw name="Click Element" library="SeleniumLibrary">
<arg>${btnSubmit}</arg>
<doc>Click the element identified by ``locator``.</doc>
<msg timestamp="20231116 13:31:28.241" level="INFO">Clicking element 'css=button[type='submit']'.</msg>
<status status="PASS" starttime="20231116 13:31:28.241" endtime="20231116 13:31:28.770"/>
</kw>
<status status="PASS" starttime="20231116 13:31:28.241" endtime="20231116 13:31:28.771"/>
</kw>
<status status="PASS" starttime="20231116 13:31:26.982" endtime="20231116 13:31:28.771"/>
</kw>
<kw name="Then A warning message display &quot;numeric value out of bounds (&lt;10 digits&gt;.&lt;0 digits&gt; expected)&quot;" library="FindOwnersPage" sourcename="A warning message display &quot;${error}&quot;">
<kw name="Element Should Be Visible" library="SeleniumLibrary">
<arg>${msgError}</arg>
<doc>Verifies that the element identified by ``locator`` is visible.</doc>
<msg timestamp="20231116 13:31:28.788" level="INFO">Element 'css=span.help-inline' is displayed.</msg>
<status status="PASS" starttime="20231116 13:31:28.771" endtime="20231116 13:31:28.788"/>
</kw>
<kw name="Element Text Should Be" library="SeleniumLibrary">
<arg>${msgError}</arg>
<arg>${error}</arg>
<doc>Verifies that element ``locator`` contains exact the text ``expected``.</doc>
<msg timestamp="20231116 13:31:28.789" level="INFO">Verifying element 'css=span.help-inline' contains exact text 'numeric value out of bounds (&lt;10 digits&gt;.&lt;0 digits&gt; expected)'.</msg>
<status status="PASS" starttime="20231116 13:31:28.788" endtime="20231116 13:31:28.841"/>
</kw>
<status status="PASS" starttime="20231116 13:31:28.771" endtime="20231116 13:31:28.841"/>
</kw>
<kw name="Close All Browsers" library="SeleniumLibrary" type="TEARDOWN">
<doc>Closes all open browsers and resets the browser cache.</doc>
<status status="PASS" starttime="20231116 13:31:28.842" endtime="20231116 13:31:28.917"/>
</kw>
<tag>Sc01</tag>
<status status="PASS" starttime="20231116 13:31:15.697" endtime="20231116 13:31:28.917"/>
</test>
<test id="s1-t2" name="Sc02: Create owner successfully" line="15">
<kw name="Given User open &quot;Find owners&quot; menu" library="FindOwnersPage" type="SETUP">
<kw name="User open petclinic website" library="HomePage">
<kw name="Open Browser" library="SeleniumLibrary">
<arg>${URL}</arg>
<arg>chrome</arg>
<doc>Opens a new browser instance to the optional ``url``.</doc>
<msg timestamp="20231116 13:31:28.918" level="INFO">Opening browser 'chrome' to base url 'https://petclinic.justdev.tech/'.</msg>
<status status="PASS" starttime="20231116 13:31:28.918" endtime="20231116 13:31:38.252"/>
</kw>
<kw name="Maximize Browser Window" library="SeleniumLibrary">
<doc>Maximizes current browser window.</doc>
<status status="PASS" starttime="20231116 13:31:38.252" endtime="20231116 13:31:38.709"/>
</kw>
<kw name="Wait Until Element Is Visible" library="SeleniumLibrary">
<arg>${imgWelcome}</arg>
<arg>timeout=5</arg>
<doc>Waits until the element ``locator`` is visible.</doc>
<status status="PASS" starttime="20231116 13:31:38.709" endtime="20231116 13:31:38.856"/>
</kw>
<status status="PASS" starttime="20231116 13:31:28.918" endtime="20231116 13:31:38.856"/>
</kw>
<kw name="Click Element" library="SeleniumLibrary">
<arg>${btnFindOwners}</arg>
<doc>Click the element identified by ``locator``.</doc>
<msg timestamp="20231116 13:31:38.856" level="INFO">Clicking element 'css=a[href="/owners/find"]'.</msg>
<status status="PASS" starttime="20231116 13:31:38.856" endtime="20231116 13:31:39.508"/>
</kw>
<kw name="Wait Until Element Is Visible" library="SeleniumLibrary">
<arg>${searchOwnerForm}</arg>
<arg>timeout=5</arg>
<doc>Waits until the element ``locator`` is visible.</doc>
<status status="PASS" starttime="20231116 13:31:39.508" endtime="20231116 13:31:39.554"/>
</kw>
<status status="PASS" starttime="20231116 13:31:28.918" endtime="20231116 13:31:39.554"/>
</kw>
<kw name="When User create owner first name:&quot;toto&quot;, last name:&quot;paul&quot;, adress:&quot;une rue&quot;, city:&quot;todo&quot;, telephone: &quot;0145874563&quot;" library="FindOwnersPage" sourcename="User create owner first name:&quot;${firstname}&quot;, last name:&quot;${lastname}&quot;, adress:&quot;${address}&quot;, city:&quot;${city}&quot;, telephone: &quot;${telephone}&quot;">
<kw name="Set Global Variable" library="BuiltIn">
<arg>${firstname}</arg>
<arg>${firstname}</arg>
<doc>Makes a variable available globally in all tests and suites.</doc>
<msg timestamp="20231116 13:31:39.555" level="INFO">${firstname} = toto</msg>
<status status="PASS" starttime="20231116 13:31:39.554" endtime="20231116 13:31:39.555"/>
</kw>
<kw name="Set Global Variable" library="BuiltIn">
<arg>${lastname}</arg>
<arg>${lastname}</arg>
<doc>Makes a variable available globally in all tests and suites.</doc>
<msg timestamp="20231116 13:31:39.555" level="INFO">${lastname} = paul</msg>
<status status="PASS" starttime="20231116 13:31:39.555" endtime="20231116 13:31:39.555"/>
</kw>
<kw name="Set Global Variable" library="BuiltIn">
<arg>${address}</arg>
<arg>${address}</arg>
<doc>Makes a variable available globally in all tests and suites.</doc>
<msg timestamp="20231116 13:31:39.555" level="INFO">${address} = une rue</msg>
<status status="PASS" starttime="20231116 13:31:39.555" endtime="20231116 13:31:39.555"/>
</kw>
<kw name="Set Global Variable" library="BuiltIn">
<arg>${city}</arg>
<arg>${city}</arg>
<doc>Makes a variable available globally in all tests and suites.</doc>
<msg timestamp="20231116 13:31:39.555" level="INFO">${city} = todo</msg>
<status status="PASS" starttime="20231116 13:31:39.555" endtime="20231116 13:31:39.555"/>
</kw>
<kw name="Set Global Variable" library="BuiltIn">
<arg>${telephone}</arg>
<arg>${telephone}</arg>
<doc>Makes a variable available globally in all tests and suites.</doc>
<msg timestamp="20231116 13:31:39.555" level="INFO">${telephone} = 0145874563</msg>
<status status="PASS" starttime="20231116 13:31:39.555" endtime="20231116 13:31:39.555"/>
</kw>
<kw name="User click button Add owner" library="FindOwnersPage">
<kw name="Click Element" library="SeleniumLibrary">
<arg>${btnAddOwner}</arg>
<doc>Click the element identified by ``locator``.</doc>
<msg timestamp="20231116 13:31:39.555" level="INFO">Clicking element 'css=a[href='/owners/new']'.</msg>
<status status="PASS" starttime="20231116 13:31:39.555" endtime="20231116 13:31:39.986"/>
</kw>
<kw name="Wait Until Element Is Visible" library="SeleniumLibrary">
<arg>${addOwnerForm}</arg>
<arg>timeout=5</arg>
<doc>Waits until the element ``locator`` is visible.</doc>
<status status="PASS" starttime="20231116 13:31:39.986" endtime="20231116 13:31:40.016"/>
</kw>
<status status="PASS" starttime="20231116 13:31:39.555" endtime="20231116 13:31:40.016"/>
</kw>
<kw name="User input firstname" library="FindOwnersPage">
<arg>${firstname}</arg>
<if>
<branch type="IF" condition="&quot;${firstname}&quot; != &quot;${EMPTY}&quot;">
<kw name="Input Text" library="SeleniumLibrary">
<arg>${txtFirstname}</arg>
<arg>${firstname}</arg>
<doc>Types the given ``text`` into the text field identified by ``locator``.</doc>
<msg timestamp="20231116 13:31:40.018" level="INFO">Typing text 'toto' into text field 'id=firstName'.</msg>
<status status="PASS" starttime="20231116 13:31:40.017" endtime="20231116 13:31:40.277"/>
</kw>
<status status="PASS" starttime="20231116 13:31:40.017" endtime="20231116 13:31:40.277"/>
</branch>
<status status="PASS" starttime="20231116 13:31:40.017" endtime="20231116 13:31:40.277"/>
</if>
<status status="PASS" starttime="20231116 13:31:40.017" endtime="20231116 13:31:40.277"/>
</kw>
<kw name="User input lastname" library="FindOwnersPage">
<arg>${lastname}</arg>
<if>
<branch type="IF" condition="&quot;${lastname}&quot; != &quot;${EMPTY}&quot;">
<kw name="Input Text" library="SeleniumLibrary">
<arg>${txtLastname}</arg>
<arg>${lastname}</arg>
<doc>Types the given ``text`` into the text field identified by ``locator``.</doc>
<msg timestamp="20231116 13:31:40.277" level="INFO">Typing text 'paul' into text field 'id=lastName'.</msg>
<status status="PASS" starttime="20231116 13:31:40.277" endtime="20231116 13:31:40.486"/>
</kw>
<status status="PASS" starttime="20231116 13:31:40.277" endtime="20231116 13:31:40.486"/>
</branch>
<status status="PASS" starttime="20231116 13:31:40.277" endtime="20231116 13:31:40.486"/>
</if>
<status status="PASS" starttime="20231116 13:31:40.277" endtime="20231116 13:31:40.486"/>
</kw>
<kw name="User input address" library="FindOwnersPage">
<arg>${address}</arg>
<if>
<branch type="IF" condition="&quot;${address}&quot; != &quot;${EMPTY}&quot;">
<kw name="Input Text" library="SeleniumLibrary">
<arg>${txtAddress}</arg>
<arg>${address}</arg>
<doc>Types the given ``text`` into the text field identified by ``locator``.</doc>
<msg timestamp="20231116 13:31:40.487" level="INFO">Typing text 'une rue' into text field 'id=address'.</msg>
<status status="PASS" starttime="20231116 13:31:40.487" endtime="20231116 13:31:40.556"/>
</kw>
<status status="PASS" starttime="20231116 13:31:40.486" endtime="20231116 13:31:40.556"/>
</branch>
<status status="PASS" starttime="20231116 13:31:40.486" endtime="20231116 13:31:40.556"/>
</if>
<status status="PASS" starttime="20231116 13:31:40.486" endtime="20231116 13:31:40.556"/>
</kw>
<kw name="User input city" library="FindOwnersPage">
<arg>${city}</arg>
<if>
<branch type="IF" condition="&quot;${city}&quot; != &quot;${EMPTY}&quot;">
<kw name="Input Text" library="SeleniumLibrary">
<arg>${txtCity}</arg>
<arg>${city}</arg>
<doc>Types the given ``text`` into the text field identified by ``locator``.</doc>
<msg timestamp="20231116 13:31:40.557" level="INFO">Typing text 'todo' into text field 'id=city'.</msg>
<status status="PASS" starttime="20231116 13:31:40.557" endtime="20231116 13:31:40.599"/>
</kw>
<status status="PASS" starttime="20231116 13:31:40.556" endtime="20231116 13:31:40.599"/>
</branch>
<status status="PASS" starttime="20231116 13:31:40.556" endtime="20231116 13:31:40.599"/>
</if>
<status status="PASS" starttime="20231116 13:31:40.556" endtime="20231116 13:31:40.599"/>
</kw>
<kw name="User input telephone" library="FindOwnersPage">
<arg>${telephone}</arg>
<if>
<branch type="IF" condition="&quot;${telephone}&quot; != &quot;${EMPTY}&quot;">
<kw name="Input Text" library="SeleniumLibrary">
<arg>${txtTelephone}</arg>
<arg>${telephone}</arg>
<doc>Types the given ``text`` into the text field identified by ``locator``.</doc>
<msg timestamp="20231116 13:31:40.600" level="INFO">Typing text '0145874563' into text field 'id=telephone'.</msg>
<status status="PASS" starttime="20231116 13:31:40.600" endtime="20231116 13:31:40.677"/>
</kw>
<status status="PASS" starttime="20231116 13:31:40.600" endtime="20231116 13:31:40.677"/>
</branch>
<status status="PASS" starttime="20231116 13:31:40.600" endtime="20231116 13:31:40.677"/>
</if>
<status status="PASS" starttime="20231116 13:31:40.599" endtime="20231116 13:31:40.677"/>
</kw>
<kw name="User click button Create owner" library="FindOwnersPage">
<kw name="Click Element" library="SeleniumLibrary">
<arg>${btnSubmit}</arg>
<doc>Click the element identified by ``locator``.</doc>
<msg timestamp="20231116 13:31:40.678" level="INFO">Clicking element 'css=button[type='submit']'.</msg>
<status status="PASS" starttime="20231116 13:31:40.678" endtime="20231116 13:31:41.657"/>
</kw>
<status status="PASS" starttime="20231116 13:31:40.677" endtime="20231116 13:31:41.657"/>
</kw>
<status status="PASS" starttime="20231116 13:31:39.554" endtime="20231116 13:31:41.657"/>
</kw>
<kw name="Then Verify user's information is correct" library="FindOwnersPage">
<kw name="Element Should Be Visible" library="SeleniumLibrary">
<arg>${tableNewOwnerInfo}</arg>
<doc>Verifies that the element identified by ``locator`` is visible.</doc>
<msg timestamp="20231116 13:31:41.712" level="INFO">Element 'xpath=//h2[contains(text(),'Owner')]' is displayed.</msg>
<status status="PASS" starttime="20231116 13:31:41.658" endtime="20231116 13:31:41.712"/>
</kw>
<kw name="Catenate" library="BuiltIn">
<var>${name}</var>
<arg>${firstname}</arg>
<arg>${lastname}</arg>
<doc>Catenates the given items together and returns the resulted string.</doc>
<msg timestamp="20231116 13:31:41.712" level="INFO">${name} = toto paul</msg>
<status status="PASS" starttime="20231116 13:31:41.712" endtime="20231116 13:31:41.712"/>
</kw>
<kw name="Element Text Should Be" library="SeleniumLibrary">
<arg>${lblName}</arg>
<arg>${name}</arg>
<doc>Verifies that element ``locator`` contains exact the text ``expected``.</doc>
<msg timestamp="20231116 13:31:41.712" level="INFO">Verifying element 'xpath=//th[text()='Name']/following::b' contains exact text 'toto paul'.</msg>
<status status="PASS" starttime="20231116 13:31:41.712" endtime="20231116 13:31:41.770"/>
</kw>
<kw name="Element Text Should Be" library="SeleniumLibrary">
<arg>${lblAddress}</arg>
<arg>${address}</arg>
<doc>Verifies that element ``locator`` contains exact the text ``expected``.</doc>
<msg timestamp="20231116 13:31:41.771" level="INFO">Verifying element 'xpath=//th[text()='Address']/following::td[1]' contains exact text 'une rue'.</msg>
<status status="PASS" starttime="20231116 13:31:41.771" endtime="20231116 13:31:41.832"/>
</kw>
<kw name="Element Text Should Be" library="SeleniumLibrary">
<arg>${lblCity}</arg>
<arg>${city}</arg>
<doc>Verifies that element ``locator`` contains exact the text ``expected``.</doc>
<msg timestamp="20231116 13:31:41.832" level="INFO">Verifying element 'xpath=//th[text()='City']/following::td[1]' contains exact text 'todo'.</msg>
<status status="PASS" starttime="20231116 13:31:41.832" endtime="20231116 13:31:41.845"/>
</kw>
<kw name="Element Text Should Be" library="SeleniumLibrary">
<arg>${lblTelephone}</arg>
<arg>${telephone}</arg>
<doc>Verifies that element ``locator`` contains exact the text ``expected``.</doc>
<msg timestamp="20231116 13:31:41.845" level="INFO">Verifying element 'xpath=//th[text()='Telephone']/following::td[1]' contains exact text '0145874563'.</msg>
<status status="PASS" starttime="20231116 13:31:41.845" endtime="20231116 13:31:41.857"/>
</kw>
<status status="PASS" starttime="20231116 13:31:41.658" endtime="20231116 13:31:41.857"/>
</kw>
<kw name="Close All Browsers" library="SeleniumLibrary" type="TEARDOWN">
<doc>Closes all open browsers and resets the browser cache.</doc>
<status status="PASS" starttime="20231116 13:31:41.857" endtime="20231116 13:31:41.939"/>
</kw>
<tag>Sc02</tag>
<status status="PASS" starttime="20231116 13:31:28.917" endtime="20231116 13:31:41.939"/>
</test>
<test id="s1-t3" name="Sc03: Search owner" line="20">
<kw name="Given User open &quot;Find owners&quot; menu" library="FindOwnersPage" type="SETUP">
<kw name="User open petclinic website" library="HomePage">
<kw name="Open Browser" library="SeleniumLibrary">
<arg>${URL}</arg>
<arg>chrome</arg>
<doc>Opens a new browser instance to the optional ``url``.</doc>
<msg timestamp="20231116 13:31:41.940" level="INFO">Opening browser 'chrome' to base url 'https://petclinic.justdev.tech/'.</msg>
<status status="PASS" starttime="20231116 13:31:41.940" endtime="20231116 13:31:53.803"/>
</kw>
<kw name="Maximize Browser Window" library="SeleniumLibrary">
<doc>Maximizes current browser window.</doc>
<status status="PASS" starttime="20231116 13:31:53.803" endtime="20231116 13:31:54.266"/>
</kw>
<kw name="Wait Until Element Is Visible" library="SeleniumLibrary">
<arg>${imgWelcome}</arg>
<arg>timeout=5</arg>
<doc>Waits until the element ``locator`` is visible.</doc>
<status status="PASS" starttime="20231116 13:31:54.266" endtime="20231116 13:31:54.411"/>
</kw>
<status status="PASS" starttime="20231116 13:31:41.940" endtime="20231116 13:31:54.411"/>
</kw>
<kw name="Click Element" library="SeleniumLibrary">
<arg>${btnFindOwners}</arg>
<doc>Click the element identified by ``locator``.</doc>
<msg timestamp="20231116 13:31:54.411" level="INFO">Clicking element 'css=a[href="/owners/find"]'.</msg>
<status status="PASS" starttime="20231116 13:31:54.411" endtime="20231116 13:31:55.047"/>
</kw>
<kw name="Wait Until Element Is Visible" library="SeleniumLibrary">
<arg>${searchOwnerForm}</arg>
<arg>timeout=5</arg>
<doc>Waits until the element ``locator`` is visible.</doc>
<status status="PASS" starttime="20231116 13:31:55.047" endtime="20231116 13:31:55.096"/>
</kw>
<status status="PASS" starttime="20231116 13:31:41.940" endtime="20231116 13:31:55.096"/>
</kw>
<kw name="Generate Random String" library="String">
<var>${lastname}</var>
<arg>10</arg>
<arg>[LETTERS]</arg>
<doc>Generates a string with a desired ``length`` from the given ``chars``.</doc>
<msg timestamp="20231116 13:31:55.097" level="INFO">${lastname} = DOVTvSQPLs</msg>
<status status="PASS" starttime="20231116 13:31:55.097" endtime="20231116 13:31:55.097"/>
</kw>
<kw name="When User create owner first name:&quot;preData&quot;, last name:&quot;${lastname}&quot;, adress:&quot;preData&quot;, city:&quot;preData&quot;, telephone: &quot;0145874565&quot;" library="FindOwnersPage" sourcename="User create owner first name:&quot;${firstname}&quot;, last name:&quot;${lastname}&quot;, adress:&quot;${address}&quot;, city:&quot;${city}&quot;, telephone: &quot;${telephone}&quot;">
<kw name="Set Global Variable" library="BuiltIn">
<arg>${firstname}</arg>
<arg>${firstname}</arg>
<doc>Makes a variable available globally in all tests and suites.</doc>
<msg timestamp="20231116 13:31:55.097" level="INFO">${firstname} = preData</msg>
<status status="PASS" starttime="20231116 13:31:55.097" endtime="20231116 13:31:55.097"/>
</kw>
<kw name="Set Global Variable" library="BuiltIn">
<arg>${lastname}</arg>
<arg>${lastname}</arg>
<doc>Makes a variable available globally in all tests and suites.</doc>
<msg timestamp="20231116 13:31:55.097" level="INFO">${lastname} = DOVTvSQPLs</msg>
<status status="PASS" starttime="20231116 13:31:55.097" endtime="20231116 13:31:55.097"/>
</kw>
<kw name="Set Global Variable" library="BuiltIn">
<arg>${address}</arg>
<arg>${address}</arg>
<doc>Makes a variable available globally in all tests and suites.</doc>
<msg timestamp="20231116 13:31:55.097" level="INFO">${address} = preData</msg>
<status status="PASS" starttime="20231116 13:31:55.097" endtime="20231116 13:31:55.097"/>
</kw>
<kw name="Set Global Variable" library="BuiltIn">
<arg>${city}</arg>
<arg>${city}</arg>
<doc>Makes a variable available globally in all tests and suites.</doc>
<msg timestamp="20231116 13:31:55.097" level="INFO">${city} = preData</msg>
<status status="PASS" starttime="20231116 13:31:55.097" endtime="20231116 13:31:55.097"/>
</kw>
<kw name="Set Global Variable" library="BuiltIn">
<arg>${telephone}</arg>
<arg>${telephone}</arg>
<doc>Makes a variable available globally in all tests and suites.</doc>
<msg timestamp="20231116 13:31:55.098" level="INFO">${telephone} = 0145874565</msg>
<status status="PASS" starttime="20231116 13:31:55.097" endtime="20231116 13:31:55.098"/>
</kw>
<kw name="User click button Add owner" library="FindOwnersPage">
<kw name="Click Element" library="SeleniumLibrary">
<arg>${btnAddOwner}</arg>
<doc>Click the element identified by ``locator``.</doc>
<msg timestamp="20231116 13:31:55.098" level="INFO">Clicking element 'css=a[href='/owners/new']'.</msg>
<status status="PASS" starttime="20231116 13:31:55.098" endtime="20231116 13:31:55.583"/>
</kw>
<kw name="Wait Until Element Is Visible" library="SeleniumLibrary">
<arg>${addOwnerForm}</arg>
<arg>timeout=5</arg>
<doc>Waits until the element ``locator`` is visible.</doc>
<status status="PASS" starttime="20231116 13:31:55.583" endtime="20231116 13:31:55.615"/>
</kw>
<status status="PASS" starttime="20231116 13:31:55.098" endtime="20231116 13:31:55.615"/>
</kw>
<kw name="User input firstname" library="FindOwnersPage">
<arg>${firstname}</arg>
<if>
<branch type="IF" condition="&quot;${firstname}&quot; != &quot;${EMPTY}&quot;">
<kw name="Input Text" library="SeleniumLibrary">
<arg>${txtFirstname}</arg>
<arg>${firstname}</arg>
<doc>Types the given ``text`` into the text field identified by ``locator``.</doc>
<msg timestamp="20231116 13:31:55.616" level="INFO">Typing text 'preData' into text field 'id=firstName'.</msg>
<status status="PASS" starttime="20231116 13:31:55.616" endtime="20231116 13:31:55.882"/>
</kw>
<status status="PASS" starttime="20231116 13:31:55.615" endtime="20231116 13:31:55.882"/>
</branch>
<status status="PASS" starttime="20231116 13:31:55.615" endtime="20231116 13:31:55.882"/>
</if>
<status status="PASS" starttime="20231116 13:31:55.615" endtime="20231116 13:31:55.882"/>
</kw>
<kw name="User input lastname" library="FindOwnersPage">
<arg>${lastname}</arg>
<if>
<branch type="IF" condition="&quot;${lastname}&quot; != &quot;${EMPTY}&quot;">
<kw name="Input Text" library="SeleniumLibrary">
<arg>${txtLastname}</arg>
<arg>${lastname}</arg>
<doc>Types the given ``text`` into the text field identified by ``locator``.</doc>
<msg timestamp="20231116 13:31:55.883" level="INFO">Typing text 'DOVTvSQPLs' into text field 'id=lastName'.</msg>
<status status="PASS" starttime="20231116 13:31:55.883" endtime="20231116 13:31:56.106"/>
</kw>
<status status="PASS" starttime="20231116 13:31:55.882" endtime="20231116 13:31:56.107"/>
</branch>
<status status="PASS" starttime="20231116 13:31:55.882" endtime="20231116 13:31:56.107"/>
</if>
<status status="PASS" starttime="20231116 13:31:55.882" endtime="20231116 13:31:56.107"/>
</kw>
<kw name="User input address" library="FindOwnersPage">
<arg>${address}</arg>
<if>
<branch type="IF" condition="&quot;${address}&quot; != &quot;${EMPTY}&quot;">
<kw name="Input Text" library="SeleniumLibrary">
<arg>${txtAddress}</arg>
<arg>${address}</arg>
<doc>Types the given ``text`` into the text field identified by ``locator``.</doc>
<msg timestamp="20231116 13:31:56.107" level="INFO">Typing text 'preData' into text field 'id=address'.</msg>
<status status="PASS" starttime="20231116 13:31:56.107" endtime="20231116 13:31:56.206"/>
</kw>
<status status="PASS" starttime="20231116 13:31:56.107" endtime="20231116 13:31:56.206"/>
</branch>
<status status="PASS" starttime="20231116 13:31:56.107" endtime="20231116 13:31:56.206"/>
</if>
<status status="PASS" starttime="20231116 13:31:56.107" endtime="20231116 13:31:56.206"/>
</kw>
<kw name="User input city" library="FindOwnersPage">
<arg>${city}</arg>
<if>
<branch type="IF" condition="&quot;${city}&quot; != &quot;${EMPTY}&quot;">
<kw name="Input Text" library="SeleniumLibrary">
<arg>${txtCity}</arg>
<arg>${city}</arg>
<doc>Types the given ``text`` into the text field identified by ``locator``.</doc>
<msg timestamp="20231116 13:31:56.206" level="INFO">Typing text 'preData' into text field 'id=city'.</msg>
<status status="PASS" starttime="20231116 13:31:56.206" endtime="20231116 13:31:56.270"/>
</kw>
<status status="PASS" starttime="20231116 13:31:56.206" endtime="20231116 13:31:56.270"/>
</branch>
<status status="PASS" starttime="20231116 13:31:56.206" endtime="20231116 13:31:56.270"/>
</if>
<status status="PASS" starttime="20231116 13:31:56.206" endtime="20231116 13:31:56.271"/>
</kw>
<kw name="User input telephone" library="FindOwnersPage">
<arg>${telephone}</arg>
<if>
<branch type="IF" condition="&quot;${telephone}&quot; != &quot;${EMPTY}&quot;">
<kw name="Input Text" library="SeleniumLibrary">
<arg>${txtTelephone}</arg>
<arg>${telephone}</arg>
<doc>Types the given ``text`` into the text field identified by ``locator``.</doc>
<msg timestamp="20231116 13:31:56.271" level="INFO">Typing text '0145874565' into text field 'id=telephone'.</msg>
<status status="PASS" starttime="20231116 13:31:56.271" endtime="20231116 13:31:56.326"/>
</kw>
<status status="PASS" starttime="20231116 13:31:56.271" endtime="20231116 13:31:56.326"/>
</branch>
<status status="PASS" starttime="20231116 13:31:56.271" endtime="20231116 13:31:56.326"/>
</if>
<status status="PASS" starttime="20231116 13:31:56.271" endtime="20231116 13:31:56.326"/>
</kw>
<kw name="User click button Create owner" library="FindOwnersPage">
<kw name="Click Element" library="SeleniumLibrary">
<arg>${btnSubmit}</arg>
<doc>Click the element identified by ``locator``.</doc>
<msg timestamp="20231116 13:31:56.326" level="INFO">Clicking element 'css=button[type='submit']'.</msg>
<status status="PASS" starttime="20231116 13:31:56.326" endtime="20231116 13:31:57.108"/>
</kw>
<status status="PASS" starttime="20231116 13:31:56.326" endtime="20231116 13:31:57.108"/>
</kw>
<status status="PASS" starttime="20231116 13:31:55.097" endtime="20231116 13:31:57.108"/>
</kw>
<kw name="Then Verify user's information is correct" library="FindOwnersPage">
<kw name="Element Should Be Visible" library="SeleniumLibrary">
<arg>${tableNewOwnerInfo}</arg>
<doc>Verifies that the element identified by ``locator`` is visible.</doc>
<msg timestamp="20231116 13:31:57.152" level="INFO">Element 'xpath=//h2[contains(text(),'Owner')]' is displayed.</msg>
<status status="PASS" starttime="20231116 13:31:57.108" endtime="20231116 13:31:57.152"/>
</kw>
<kw name="Catenate" library="BuiltIn">
<var>${name}</var>
<arg>${firstname}</arg>
<arg>${lastname}</arg>
<doc>Catenates the given items together and returns the resulted string.</doc>
<msg timestamp="20231116 13:31:57.152" level="INFO">${name} = preData DOVTvSQPLs</msg>
<status status="PASS" starttime="20231116 13:31:57.152" endtime="20231116 13:31:57.153"/>
</kw>
<kw name="Element Text Should Be" library="SeleniumLibrary">
<arg>${lblName}</arg>
<arg>${name}</arg>
<doc>Verifies that element ``locator`` contains exact the text ``expected``.</doc>
<msg timestamp="20231116 13:31:57.153" level="INFO">Verifying element 'xpath=//th[text()='Name']/following::b' contains exact text 'preData DOVTvSQPLs'.</msg>
<status status="PASS" starttime="20231116 13:31:57.153" endtime="20231116 13:31:57.210"/>
</kw>
<kw name="Element Text Should Be" library="SeleniumLibrary">
<arg>${lblAddress}</arg>
<arg>${address}</arg>
<doc>Verifies that element ``locator`` contains exact the text ``expected``.</doc>
<msg timestamp="20231116 13:31:57.211" level="INFO">Verifying element 'xpath=//th[text()='Address']/following::td[1]' contains exact text 'preData'.</msg>
<status status="PASS" starttime="20231116 13:31:57.210" endtime="20231116 13:31:57.274"/>
</kw>
<kw name="Element Text Should Be" library="SeleniumLibrary">
<arg>${lblCity}</arg>
<arg>${city}</arg>
<doc>Verifies that element ``locator`` contains exact the text ``expected``.</doc>
<msg timestamp="20231116 13:31:57.275" level="INFO">Verifying element 'xpath=//th[text()='City']/following::td[1]' contains exact text 'preData'.</msg>
<status status="PASS" starttime="20231116 13:31:57.274" endtime="20231116 13:31:57.286"/>
</kw>
<kw name="Element Text Should Be" library="SeleniumLibrary">
<arg>${lblTelephone}</arg>
<arg>${telephone}</arg>
<doc>Verifies that element ``locator`` contains exact the text ``expected``.</doc>
<msg timestamp="20231116 13:31:57.287" level="INFO">Verifying element 'xpath=//th[text()='Telephone']/following::td[1]' contains exact text '0145874565'.</msg>
<status status="PASS" starttime="20231116 13:31:57.286" endtime="20231116 13:31:57.297"/>
</kw>
<status status="PASS" starttime="20231116 13:31:57.108" endtime="20231116 13:31:57.297"/>
</kw>
<kw name="When User search owner" library="FindOwnersPage">
<kw name="Click Element" library="SeleniumLibrary">
<arg>${btnFindOwners}</arg>
<doc>Click the element identified by ``locator``.</doc>
<msg timestamp="20231116 13:31:57.298" level="INFO">Clicking element 'css=a[href="/owners/find"]'.</msg>
<status status="PASS" starttime="20231116 13:31:57.298" endtime="20231116 13:31:57.726"/>
</kw>
<kw name="Wait Until Element Is Visible" library="SeleniumLibrary">
<arg>${searchOwnerForm}</arg>
<arg>timeout=5</arg>
<doc>Waits until the element ``locator`` is visible.</doc>
<status status="PASS" starttime="20231116 13:31:57.726" endtime="20231116 13:31:57.751"/>
</kw>
<status status="PASS" starttime="20231116 13:31:57.297" endtime="20231116 13:31:57.751"/>
</kw>
<kw name="And User search for previously created owner" library="FindOwnersPage">
<kw name="User input lastname" library="FindOwnersPage">
<arg>${lastname}</arg>
<if>
<branch type="IF" condition="&quot;${lastname}&quot; != &quot;${EMPTY}&quot;">
<kw name="Input Text" library="SeleniumLibrary">
<arg>${txtLastname}</arg>
<arg>${lastname}</arg>
<doc>Types the given ``text`` into the text field identified by ``locator``.</doc>
<msg timestamp="20231116 13:31:57.752" level="INFO">Typing text 'DOVTvSQPLs' into text field 'id=lastName'.</msg>
<status status="PASS" starttime="20231116 13:31:57.751" endtime="20231116 13:31:57.824"/>
</kw>
<status status="PASS" starttime="20231116 13:31:57.751" endtime="20231116 13:31:57.824"/>
</branch>
<status status="PASS" starttime="20231116 13:31:57.751" endtime="20231116 13:31:57.824"/>
</if>
<status status="PASS" starttime="20231116 13:31:57.751" endtime="20231116 13:31:57.824"/>
</kw>
<kw name="Click Element" library="SeleniumLibrary">
<arg>${btnSubmit}</arg>
<doc>Click the element identified by ``locator``.</doc>
<msg timestamp="20231116 13:31:57.825" level="INFO">Clicking element 'css=button[type='submit']'.</msg>
<status status="PASS" starttime="20231116 13:31:57.824" endtime="20231116 13:31:58.476"/>
</kw>
<kw name="Element Should Be Visible" library="SeleniumLibrary">
<arg>${tableNewOwnerInfo}</arg>
<doc>Verifies that the element identified by ``locator`` is visible.</doc>
<msg timestamp="20231116 13:31:58.517" level="INFO">Element 'xpath=//h2[contains(text(),'Owner')]' is displayed.</msg>
<status status="PASS" starttime="20231116 13:31:58.476" endtime="20231116 13:31:58.517"/>
</kw>
<status status="PASS" starttime="20231116 13:31:57.751" endtime="20231116 13:31:58.517"/>
</kw>
<kw name="Then Verify user's information is correct" library="FindOwnersPage">
<kw name="Element Should Be Visible" library="SeleniumLibrary">
<arg>${tableNewOwnerInfo}</arg>
<doc>Verifies that the element identified by ``locator`` is visible.</doc>
<msg timestamp="20231116 13:31:58.528" level="INFO">Element 'xpath=//h2[contains(text(),'Owner')]' is displayed.</msg>
<status status="PASS" starttime="20231116 13:31:58.517" endtime="20231116 13:31:58.528"/>
</kw>
<kw name="Catenate" library="BuiltIn">
<var>${name}</var>
<arg>${firstname}</arg>
<arg>${lastname}</arg>
<doc>Catenates the given items together and returns the resulted string.</doc>
<msg timestamp="20231116 13:31:58.528" level="INFO">${name} = preData DOVTvSQPLs</msg>
<status status="PASS" starttime="20231116 13:31:58.528" endtime="20231116 13:31:58.528"/>
</kw>
<kw name="Element Text Should Be" library="SeleniumLibrary">
<arg>${lblName}</arg>
<arg>${name}</arg>
<doc>Verifies that element ``locator`` contains exact the text ``expected``.</doc>
<msg timestamp="20231116 13:31:58.528" level="INFO">Verifying element 'xpath=//th[text()='Name']/following::b' contains exact text 'preData DOVTvSQPLs'.</msg>
<status status="PASS" starttime="20231116 13:31:58.528" endtime="20231116 13:31:58.562"/>
</kw>
<kw name="Element Text Should Be" library="SeleniumLibrary">
<arg>${lblAddress}</arg>
<arg>${address}</arg>
<doc>Verifies that element ``locator`` contains exact the text ``expected``.</doc>
<msg timestamp="20231116 13:31:58.562" level="INFO">Verifying element 'xpath=//th[text()='Address']/following::td[1]' contains exact text 'preData'.</msg>
<status status="PASS" starttime="20231116 13:31:58.562" endtime="20231116 13:31:58.596"/>
</kw>
<kw name="Element Text Should Be" library="SeleniumLibrary">
<arg>${lblCity}</arg>
<arg>${city}</arg>
<doc>Verifies that element ``locator`` contains exact the text ``expected``.</doc>
<msg timestamp="20231116 13:31:58.596" level="INFO">Verifying element 'xpath=//th[text()='City']/following::td[1]' contains exact text 'preData'.</msg>
<status status="PASS" starttime="20231116 13:31:58.596" endtime="20231116 13:31:58.627"/>
</kw>
<kw name="Element Text Should Be" library="SeleniumLibrary">
<arg>${lblTelephone}</arg>
<arg>${telephone}</arg>
<doc>Verifies that element ``locator`` contains exact the text ``expected``.</doc>
<msg timestamp="20231116 13:31:58.627" level="INFO">Verifying element 'xpath=//th[text()='Telephone']/following::td[1]' contains exact text '0145874565'.</msg>
<status status="PASS" starttime="20231116 13:31:58.627" endtime="20231116 13:31:58.658"/>
</kw>
<status status="PASS" starttime="20231116 13:31:58.517" endtime="20231116 13:31:58.658"/>
</kw>
<kw name="Close All Browsers" library="SeleniumLibrary" type="TEARDOWN">
<doc>Closes all open browsers and resets the browser cache.</doc>
<status status="PASS" starttime="20231116 13:31:58.658" endtime="20231116 13:31:58.727"/>
</kw>
<tag>Sc03</tag>
<status status="PASS" starttime="20231116 13:31:41.940" endtime="20231116 13:31:58.727"/>
</test>
<status status="PASS" starttime="20231116 13:31:15.613" endtime="20231116 13:31:58.727"/>
</suite>
<statistics>
<total>
<stat pass="3" fail="0" skip="0">All Tests</stat>
</total>
<tag>
<stat pass="1" fail="0" skip="0">Sc01</stat>
<stat pass="1" fail="0" skip="0">Sc02</stat>
<stat pass="1" fail="0" skip="0">Sc03</stat>
</tag>
<suite>
<stat pass="3" fail="0" skip="0" id="s1" name="PetClinic">PetClinic</stat>
</suite>
</statistics>
<errors>
<msg timestamp="20231116 13:31:15.624" level="ERROR">Error in file '/Users/Admin/Documents/Automation/Robot/petclinic/resources/HomePage.resource' on line 15: Creating keyword 'Close all browser' failed: User keyword cannot be empty.</msg>
</errors>
</robot>
