<?xml version="1.0" encoding="UTF-8"?>
<robot generator="Robot 6.1.1 (Python 3.11.6 on darwin)" generated="20231117 11:33:07.992" rpa="false" schemaversion="4">
<suite id="s1" name="Petclinic" source="/Users/Admin/Documents/Automation/Robot/petclinic/suites/Petclinic.robot">
<test id="s1-t1" name="Sc01: Warning message when fill forbidden data" line="10">
<kw name="Given User open &quot;Find owners&quot; menu" library="FindOwnersPage" type="SETUP">
<doc>Open website
Click button "Find owners" on navigation bar
Wait until search owner form displays</doc>
<kw name="User open petclinic website" library="HomePage">
<doc>Open and wait until homepage display</doc>
<kw name="Open Browser" library="SeleniumLibrary">
<arg>${URL}</arg>
<arg>chrome</arg>
<doc>Opens a new browser instance to the optional ``url``.</doc>
<msg timestamp="20231117 11:33:08.079" level="INFO">Opening browser 'chrome' to base url 'https://petclinic.justdev.tech/'.</msg>
<status status="PASS" starttime="20231117 11:33:08.079" endtime="20231117 11:33:16.897"/>
</kw>
<kw name="Maximize Browser Window" library="SeleniumLibrary">
<doc>Maximizes current browser window.</doc>
<status status="PASS" starttime="20231117 11:33:16.897" endtime="20231117 11:33:17.347"/>
</kw>
<kw name="Wait Until Element Is Visible" library="SeleniumLibrary">
<arg>${imgWelcome}</arg>
<arg>timeout=5</arg>
<doc>Waits until the element ``locator`` is visible.</doc>
<status status="PASS" starttime="20231117 11:33:17.347" endtime="20231117 11:33:17.502"/>
</kw>
<status status="PASS" starttime="20231117 11:33:08.079" endtime="20231117 11:33:17.502"/>
</kw>
<kw name="Click Element" library="SeleniumLibrary">
<arg>${btnFindOwners}</arg>
<doc>Click the element identified by ``locator``.</doc>
<msg timestamp="20231117 11:33:17.503" level="INFO">Clicking element 'css=a[href="/owners/find"]'.</msg>
<status status="PASS" starttime="20231117 11:33:17.502" endtime="20231117 11:33:18.152"/>
</kw>
<kw name="Wait Until Element Is Visible" library="SeleniumLibrary">
<arg>${searchOwnerForm}</arg>
<arg>timeout=5</arg>
<doc>Waits until the element ``locator`` is visible.</doc>
<status status="PASS" starttime="20231117 11:33:18.152" endtime="20231117 11:33:18.204"/>
</kw>
<status status="PASS" starttime="20231117 11:33:08.079" endtime="20231117 11:33:18.204"/>
</kw>
<kw name="When User create owner first name:&quot;toto&quot;, last name:&quot;paul&quot;, adress:&quot;une rue&quot;, city:&quot;todo&quot;, telephone: &quot;toto&quot;" library="FindOwnersPage" sourcename="User create owner first name:&quot;${firstname}&quot;, last name:&quot;${lastname}&quot;, adress:&quot;${address}&quot;, city:&quot;${city}&quot;, telephone: &quot;${telephone}&quot;">
<doc>Set global variables for owner information
Enter info into form and click button "Add owner"</doc>
<kw name="Set Global Variable" library="BuiltIn">
<arg>${firstname}</arg>
<arg>${firstname}</arg>
<doc>Makes a variable available globally in all tests and suites.</doc>
<msg timestamp="20231117 11:33:18.204" level="INFO">${firstname} = toto</msg>
<status status="PASS" starttime="20231117 11:33:18.204" endtime="20231117 11:33:18.204"/>
</kw>
<kw name="Set Global Variable" library="BuiltIn">
<arg>${lastname}</arg>
<arg>${lastname}</arg>
<doc>Makes a variable available globally in all tests and suites.</doc>
<msg timestamp="20231117 11:33:18.204" level="INFO">${lastname} = paul</msg>
<status status="PASS" starttime="20231117 11:33:18.204" endtime="20231117 11:33:18.204"/>
</kw>
<kw name="Set Global Variable" library="BuiltIn">
<arg>${address}</arg>
<arg>${address}</arg>
<doc>Makes a variable available globally in all tests and suites.</doc>
<msg timestamp="20231117 11:33:18.204" level="INFO">${address} = une rue</msg>
<status status="PASS" starttime="20231117 11:33:18.204" endtime="20231117 11:33:18.204"/>
</kw>
<kw name="Set Global Variable" library="BuiltIn">
<arg>${city}</arg>
<arg>${city}</arg>
<doc>Makes a variable available globally in all tests and suites.</doc>
<msg timestamp="20231117 11:33:18.205" level="INFO">${city} = todo</msg>
<status status="PASS" starttime="20231117 11:33:18.204" endtime="20231117 11:33:18.205"/>
</kw>
<kw name="Set Global Variable" library="BuiltIn">
<arg>${telephone}</arg>
<arg>${telephone}</arg>
<doc>Makes a variable available globally in all tests and suites.</doc>
<msg timestamp="20231117 11:33:18.205" level="INFO">${telephone} = toto</msg>
<status status="PASS" starttime="20231117 11:33:18.205" endtime="20231117 11:33:18.205"/>
</kw>
<kw name="User click button Add owner" library="FindOwnersPage">
<doc>Click button "Add owner"</doc>
<kw name="Click Element" library="SeleniumLibrary">
<arg>${btnAddOwner}</arg>
<doc>Click the element identified by ``locator``.</doc>
<msg timestamp="20231117 11:33:18.205" level="INFO">Clicking element 'css=a[href='/owners/new']'.</msg>
<status status="PASS" starttime="20231117 11:33:18.205" endtime="20231117 11:33:18.621"/>
</kw>
<kw name="Wait Until Element Is Visible" library="SeleniumLibrary">
<arg>${addOwnerForm}</arg>
<arg>timeout=5</arg>
<doc>Waits until the element ``locator`` is visible.</doc>
<status status="PASS" starttime="20231117 11:33:18.622" endtime="20231117 11:33:18.649"/>
</kw>
<status status="PASS" starttime="20231117 11:33:18.205" endtime="20231117 11:33:18.649"/>
</kw>
<kw name="User input firstname" library="FindOwnersPage">
<arg>${firstname}</arg>
<doc>Enter firstname if value is not empty</doc>
<if>
<branch type="IF" condition="&quot;${firstname}&quot; != &quot;${EMPTY}&quot;">
<kw name="Input Text" library="SeleniumLibrary">
<arg>${txtFirstname}</arg>
<arg>${firstname}</arg>
<doc>Types the given ``text`` into the text field identified by ``locator``.</doc>
<msg timestamp="20231117 11:33:18.650" level="INFO">Typing text 'toto' into text field 'id=firstName'.</msg>
<status status="PASS" starttime="20231117 11:33:18.650" endtime="20231117 11:33:18.915"/>
</kw>
<status status="PASS" starttime="20231117 11:33:18.649" endtime="20231117 11:33:18.915"/>
</branch>
<status status="PASS" starttime="20231117 11:33:18.649" endtime="20231117 11:33:18.916"/>
</if>
<status status="PASS" starttime="20231117 11:33:18.649" endtime="20231117 11:33:18.916"/>
</kw>
<kw name="User input lastname" library="FindOwnersPage">
<arg>${lastname}</arg>
<doc>Enter lastname if value is not empty</doc>
<if>
<branch type="IF" condition="&quot;${lastname}&quot; != &quot;${EMPTY}&quot;">
<kw name="Input Text" library="SeleniumLibrary">
<arg>${txtLastname}</arg>
<arg>${lastname}</arg>
<doc>Types the given ``text`` into the text field identified by ``locator``.</doc>
<msg timestamp="20231117 11:33:18.916" level="INFO">Typing text 'paul' into text field 'id=lastName'.</msg>
<status status="PASS" starttime="20231117 11:33:18.916" endtime="20231117 11:33:19.153"/>
</kw>
<status status="PASS" starttime="20231117 11:33:18.916" endtime="20231117 11:33:19.153"/>
</branch>
<status status="PASS" starttime="20231117 11:33:18.916" endtime="20231117 11:33:19.153"/>
</if>
<status status="PASS" starttime="20231117 11:33:18.916" endtime="20231117 11:33:19.153"/>
</kw>
<kw name="User input address" library="FindOwnersPage">
<arg>${address}</arg>
<doc>Enter address if value is not empty</doc>
<if>
<branch type="IF" condition="&quot;${address}&quot; != &quot;${EMPTY}&quot;">
<kw name="Input Text" library="SeleniumLibrary">
<arg>${txtAddress}</arg>
<arg>${address}</arg>
<doc>Types the given ``text`` into the text field identified by ``locator``.</doc>
<msg timestamp="20231117 11:33:19.154" level="INFO">Typing text 'une rue' into text field 'id=address'.</msg>
<status status="PASS" starttime="20231117 11:33:19.154" endtime="20231117 11:33:19.228"/>
</kw>
<status status="PASS" starttime="20231117 11:33:19.153" endtime="20231117 11:33:19.228"/>
</branch>
<status status="PASS" starttime="20231117 11:33:19.153" endtime="20231117 11:33:19.228"/>
</if>
<status status="PASS" starttime="20231117 11:33:19.153" endtime="20231117 11:33:19.228"/>
</kw>
<kw name="User input city" library="FindOwnersPage">
<arg>${city}</arg>
<doc>Enter city if value is not empty</doc>
<if>
<branch type="IF" condition="&quot;${city}&quot; != &quot;${EMPTY}&quot;">
<kw name="Input Text" library="SeleniumLibrary">
<arg>${txtCity}</arg>
<arg>${city}</arg>
<doc>Types the given ``text`` into the text field identified by ``locator``.</doc>
<msg timestamp="20231117 11:33:19.229" level="INFO">Typing text 'todo' into text field 'id=city'.</msg>
<status status="PASS" starttime="20231117 11:33:19.228" endtime="20231117 11:33:19.274"/>
</kw>
<status status="PASS" starttime="20231117 11:33:19.228" endtime="20231117 11:33:19.274"/>
</branch>
<status status="PASS" starttime="20231117 11:33:19.228" endtime="20231117 11:33:19.274"/>
</if>
<status status="PASS" starttime="20231117 11:33:19.228" endtime="20231117 11:33:19.274"/>
</kw>
<kw name="User input telephone" library="FindOwnersPage">
<arg>${telephone}</arg>
<doc>Enter telephone if value is not empty</doc>
<if>
<branch type="IF" condition="&quot;${telephone}&quot; != &quot;${EMPTY}&quot;">
<kw name="Input Text" library="SeleniumLibrary">
<arg>${txtTelephone}</arg>
<arg>${telephone}</arg>
<doc>Types the given ``text`` into the text field identified by ``locator``.</doc>
<msg timestamp="20231117 11:33:19.275" level="INFO">Typing text 'toto' into text field 'id=telephone'.</msg>
<status status="PASS" starttime="20231117 11:33:19.275" endtime="20231117 11:33:19.317"/>
</kw>
<status status="PASS" starttime="20231117 11:33:19.274" endtime="20231117 11:33:19.317"/>
</branch>
<status status="PASS" starttime="20231117 11:33:19.274" endtime="20231117 11:33:19.317"/>
</if>
<status status="PASS" starttime="20231117 11:33:19.274" endtime="20231117 11:33:19.317"/>
</kw>
<kw name="User click button Create owner" library="FindOwnersPage">
<doc>Click button "Add owner"</doc>
<kw name="Click Element" library="SeleniumLibrary">
<arg>${btnSubmit}</arg>
<doc>Click the element identified by ``locator``.</doc>
<msg timestamp="20231117 11:33:19.318" level="INFO">Clicking element 'css=button[type='submit']'.</msg>
<status status="PASS" starttime="20231117 11:33:19.318" endtime="20231117 11:33:19.797"/>
</kw>
<status status="PASS" starttime="20231117 11:33:19.317" endtime="20231117 11:33:19.797"/>
</kw>
<status status="PASS" starttime="20231117 11:33:18.204" endtime="20231117 11:33:19.797"/>
</kw>
<kw name="Then A warning message display &quot;numeric value out of bounds (&lt;10 digits&gt;.&lt;0 digits&gt; expected)&quot;" library="FindOwnersPage" sourcename="A warning message display &quot;${error}&quot;">
<doc>Verify warning message as expected message</doc>
<kw name="Element Should Be Visible" library="SeleniumLibrary">
<arg>${msgError}</arg>
<doc>Verifies that the element identified by ``locator`` is visible.</doc>
<msg timestamp="20231117 11:33:19.816" level="INFO">Element 'css=span.help-inline' is displayed.</msg>
<status status="PASS" starttime="20231117 11:33:19.797" endtime="20231117 11:33:19.816"/>
</kw>
<kw name="Element Text Should Be" library="SeleniumLibrary">
<arg>${msgError}</arg>
<arg>${error}</arg>
<doc>Verifies that element ``locator`` contains exact the text ``expected``.</doc>
<msg timestamp="20231117 11:33:19.817" level="INFO">Verifying element 'css=span.help-inline' contains exact text 'numeric value out of bounds (&lt;10 digits&gt;.&lt;0 digits&gt; expected)'.</msg>
<status status="PASS" starttime="20231117 11:33:19.816" endtime="20231117 11:33:19.863"/>
</kw>
<status status="PASS" starttime="20231117 11:33:19.797" endtime="20231117 11:33:19.863"/>
</kw>
<kw name="Close All Browsers" library="SeleniumLibrary" type="TEARDOWN">
<doc>Closes all open browsers and resets the browser cache.</doc>
<status status="PASS" starttime="20231117 11:33:19.863" endtime="20231117 11:33:19.943"/>
</kw>
<tag>Sc01</tag>
<status status="PASS" starttime="20231117 11:33:08.078" endtime="20231117 11:33:19.943"/>
</test>
<status status="PASS" starttime="20231117 11:33:07.993" endtime="20231117 11:33:19.944"/>
</suite>
<statistics>
<total>
<stat pass="1" fail="0" skip="0">All Tests</stat>
</total>
<tag>
<stat pass="1" fail="0" skip="0">Sc01</stat>
</tag>
<suite>
<stat pass="1" fail="0" skip="0" id="s1" name="Petclinic">Petclinic</stat>
</suite>
</statistics>
<errors>
</errors>
</robot>
