<?xml version="1.0" encoding="UTF-8"?>
<robot generator="Robot 6.1.1 (Python 3.11.6 on darwin)" generated="20231116 13:23:39.341" rpa="false" schemaversion="4">
<suite id="s1" name="PetClinic" source="/Users/Admin/Documents/Automation/Robot/petclinic/suites/PetClinic.robot">
<test id="s1-t1" name="Sc01: Warning message when fill forbidden data" line="9">
<kw name="Given User open &quot;Find owners&quot; menu" library="FindOwnersPage" type="SETUP">
<kw name="User open petclinic website" library="HomePage">
<kw name="Open Browser" library="SeleniumLibrary">
<arg>${URL}</arg>
<arg>chrome</arg>
<doc>Opens a new browser instance to the optional ``url``.</doc>
<msg timestamp="20231116 13:23:39.428" level="INFO">Opening browser 'chrome' to base url 'https://petclinic.justdev.tech/'.</msg>
<status status="PASS" starttime="20231116 13:23:39.428" endtime="20231116 13:23:51.282"/>
</kw>
<kw name="Maximize Browser Window" library="SeleniumLibrary">
<doc>Maximizes current browser window.</doc>
<status status="PASS" starttime="20231116 13:23:51.283" endtime="20231116 13:23:51.738"/>
</kw>
<kw name="Wait Until Element Is Visible" library="SeleniumLibrary">
<arg>${imgWelcome}</arg>
<arg>timeout=5</arg>
<doc>Waits until the element ``locator`` is visible.</doc>
<status status="PASS" starttime="20231116 13:23:51.739" endtime="20231116 13:23:51.893"/>
</kw>
<status status="PASS" starttime="20231116 13:23:39.428" endtime="20231116 13:23:51.894"/>
</kw>
<kw name="Click Element" library="SeleniumLibrary">
<arg>${btnFindOwners}</arg>
<doc>Click the element identified by ``locator``.</doc>
<msg timestamp="20231116 13:23:51.894" level="INFO">Clicking element 'css=a[href="/owners/find"]'.</msg>
<status status="PASS" starttime="20231116 13:23:51.894" endtime="20231116 13:23:52.609"/>
</kw>
<kw name="Wait Until Element Is Visible" library="SeleniumLibrary">
<arg>${searchOwnerForm}</arg>
<arg>timeout=5</arg>
<doc>Waits until the element ``locator`` is visible.</doc>
<status status="PASS" starttime="20231116 13:23:52.609" endtime="20231116 13:23:52.663"/>
</kw>
<status status="PASS" starttime="20231116 13:23:39.428" endtime="20231116 13:23:52.663"/>
</kw>
<kw name="When User create owner first name:&quot;toto&quot;, last name:&quot;paul&quot;, adress:&quot;une rue&quot;, city:&quot;todo&quot;, telephone: &quot;toto&quot;" library="FindOwnersPage" sourcename="User create owner first name:&quot;${firstname}&quot;, last name:&quot;${lastname}&quot;, adress:&quot;${address}&quot;, city:&quot;${city}&quot;, telephone: &quot;${telephone}&quot;">
<kw name="Set Global Variable" library="BuiltIn">
<arg>${firstname}</arg>
<arg>${firstname}</arg>
<doc>Makes a variable available globally in all tests and suites.</doc>
<msg timestamp="20231116 13:23:52.664" level="INFO">${firstname} = toto</msg>
<status status="PASS" starttime="20231116 13:23:52.664" endtime="20231116 13:23:52.664"/>
</kw>
<kw name="Set Global Variable" library="BuiltIn">
<arg>${lastname}</arg>
<arg>${lastname}</arg>
<doc>Makes a variable available globally in all tests and suites.</doc>
<msg timestamp="20231116 13:23:52.664" level="INFO">${lastname} = paul</msg>
<status status="PASS" starttime="20231116 13:23:52.664" endtime="20231116 13:23:52.664"/>
</kw>
<kw name="Set Global Variable" library="BuiltIn">
<arg>${address}</arg>
<arg>${address}</arg>
<doc>Makes a variable available globally in all tests and suites.</doc>
<msg timestamp="20231116 13:23:52.664" level="INFO">${address} = une rue</msg>
<status status="PASS" starttime="20231116 13:23:52.664" endtime="20231116 13:23:52.664"/>
</kw>
<kw name="Set Global Variable" library="BuiltIn">
<arg>${city}</arg>
<arg>${city}</arg>
<doc>Makes a variable available globally in all tests and suites.</doc>
<msg timestamp="20231116 13:23:52.664" level="INFO">${city} = todo</msg>
<status status="PASS" starttime="20231116 13:23:52.664" endtime="20231116 13:23:52.664"/>
</kw>
<kw name="Set Global Variable" library="BuiltIn">
<arg>${telephone}</arg>
<arg>${telephone}</arg>
<doc>Makes a variable available globally in all tests and suites.</doc>
<msg timestamp="20231116 13:23:52.664" level="INFO">${telephone} = toto</msg>
<status status="PASS" starttime="20231116 13:23:52.664" endtime="20231116 13:23:52.664"/>
</kw>
<kw name="User click button Add owner" library="FindOwnersPage">
<kw name="Click Element" library="SeleniumLibrary">
<arg>${btnAddOwner}</arg>
<doc>Click the element identified by ``locator``.</doc>
<msg timestamp="20231116 13:23:52.665" level="INFO">Clicking element 'css=a[href='/owners/new']'.</msg>
<status status="PASS" starttime="20231116 13:23:52.664" endtime="20231116 13:23:53.169"/>
</kw>
<kw name="Wait Until Element Is Visible" library="SeleniumLibrary">
<arg>${addOwnerForm}</arg>
<arg>timeout=5</arg>
<doc>Waits until the element ``locator`` is visible.</doc>
<status status="PASS" starttime="20231116 13:23:53.169" endtime="20231116 13:23:53.199"/>
</kw>
<status status="PASS" starttime="20231116 13:23:52.664" endtime="20231116 13:23:53.199"/>
</kw>
<kw name="User input firstname" library="FindOwnersPage">
<arg>${firstname}</arg>
<if>
<branch type="IF" condition="&quot;${firstname}&quot; != &quot;${EMPTY}&quot;">
<kw name="Input Text" library="SeleniumLibrary">
<arg>${txtFirstname}</arg>
<arg>${firstname}</arg>
<doc>Types the given ``text`` into the text field identified by ``locator``.</doc>
<msg timestamp="20231116 13:23:53.199" level="INFO">Typing text 'toto' into text field 'id=firstName'.</msg>
<status status="PASS" starttime="20231116 13:23:53.199" endtime="20231116 13:23:53.548"/>
</kw>
<status status="PASS" starttime="20231116 13:23:53.199" endtime="20231116 13:23:53.548"/>
</branch>
<status status="PASS" starttime="20231116 13:23:53.199" endtime="20231116 13:23:53.548"/>
</if>
<status status="PASS" starttime="20231116 13:23:53.199" endtime="20231116 13:23:53.548"/>
</kw>
<kw name="User input lastname" library="FindOwnersPage">
<arg>${lastname}</arg>
<if>
<branch type="IF" condition="&quot;${lastname}&quot; != &quot;${EMPTY}&quot;">
<kw name="Input Text" library="SeleniumLibrary">
<arg>${txtLastname}</arg>
<arg>${lastname}</arg>
<doc>Types the given ``text`` into the text field identified by ``locator``.</doc>
<msg timestamp="20231116 13:23:53.548" level="INFO">Typing text 'paul' into text field 'id=lastName'.</msg>
<status status="PASS" starttime="20231116 13:23:53.548" endtime="20231116 13:23:53.690"/>
</kw>
<status status="PASS" starttime="20231116 13:23:53.548" endtime="20231116 13:23:53.690"/>
</branch>
<status status="PASS" starttime="20231116 13:23:53.548" endtime="20231116 13:23:53.690"/>
</if>
<status status="PASS" starttime="20231116 13:23:53.548" endtime="20231116 13:23:53.691"/>
</kw>
<kw name="User input address" library="FindOwnersPage">
<arg>${address}</arg>
<if>
<branch type="IF" condition="&quot;${address}&quot; != &quot;${EMPTY}&quot;">
<kw name="Input Text" library="SeleniumLibrary">
<arg>${txtAddress}</arg>
<arg>${address}</arg>
<doc>Types the given ``text`` into the text field identified by ``locator``.</doc>
<msg timestamp="20231116 13:23:53.691" level="INFO">Typing text 'une rue' into text field 'id=address'.</msg>
<status status="PASS" starttime="20231116 13:23:53.691" endtime="20231116 13:23:53.765"/>
</kw>
<status status="PASS" starttime="20231116 13:23:53.691" endtime="20231116 13:23:53.765"/>
</branch>
<status status="PASS" starttime="20231116 13:23:53.691" endtime="20231116 13:23:53.765"/>
</if>
<status status="PASS" starttime="20231116 13:23:53.691" endtime="20231116 13:23:53.765"/>
</kw>
<kw name="User input city" library="FindOwnersPage">
<arg>${city}</arg>
<if>
<branch type="IF" condition="&quot;${city}&quot; != &quot;${EMPTY}&quot;">
<kw name="Input Text" library="SeleniumLibrary">
<arg>${txtCity}</arg>
<arg>${city}</arg>
<doc>Types the given ``text`` into the text field identified by ``locator``.</doc>
<msg timestamp="20231116 13:23:53.766" level="INFO">Typing text 'todo' into text field 'id=city'.</msg>
<status status="PASS" starttime="20231116 13:23:53.765" endtime="20231116 13:23:53.806"/>
</kw>
<status status="PASS" starttime="20231116 13:23:53.765" endtime="20231116 13:23:53.806"/>
</branch>
<status status="PASS" starttime="20231116 13:23:53.765" endtime="20231116 13:23:53.806"/>
</if>
<status status="PASS" starttime="20231116 13:23:53.765" endtime="20231116 13:23:53.807"/>
</kw>
<kw name="User input telephone" library="FindOwnersPage">
<arg>${telephone}</arg>
<if>
<branch type="IF" condition="&quot;${telephone}&quot; != &quot;${EMPTY}&quot;">
<kw name="Input Text" library="SeleniumLibrary">
<arg>${txtTelephone}</arg>
<arg>${telephone}</arg>
<doc>Types the given ``text`` into the text field identified by ``locator``.</doc>
<msg timestamp="20231116 13:23:53.807" level="INFO">Typing text 'toto' into text field 'id=telephone'.</msg>
<status status="PASS" starttime="20231116 13:23:53.807" endtime="20231116 13:23:53.854"/>
</kw>
<status status="PASS" starttime="20231116 13:23:53.807" endtime="20231116 13:23:53.854"/>
</branch>
<status status="PASS" starttime="20231116 13:23:53.807" endtime="20231116 13:23:53.854"/>
</if>
<status status="PASS" starttime="20231116 13:23:53.807" endtime="20231116 13:23:53.854"/>
</kw>
<kw name="User click button Create owner" library="FindOwnersPage">
<kw name="Click Element" library="SeleniumLibrary">
<arg>${btnSubmit}</arg>
<doc>Click the element identified by ``locator``.</doc>
<msg timestamp="20231116 13:23:53.854" level="INFO">Clicking element 'css=button[type='submit']'.</msg>
<status status="PASS" starttime="20231116 13:23:53.854" endtime="20231116 13:23:54.338"/>
</kw>
<status status="PASS" starttime="20231116 13:23:53.854" endtime="20231116 13:23:54.338"/>
</kw>
<status status="PASS" starttime="20231116 13:23:52.663" endtime="20231116 13:23:54.338"/>
</kw>
<kw name="Then A warning message display &quot;numeric value out of bounds (&lt;10 digits&gt;.&lt;0 digits&gt; expected)&quot;" library="FindOwnersPage" sourcename="A warning message display &quot;${error}&quot;">
<kw name="Element Should Be Visible" library="SeleniumLibrary">
<arg>${msgError}</arg>
<doc>Verifies that the element identified by ``locator`` is visible.</doc>
<msg timestamp="20231116 13:23:54.353" level="INFO">Element 'css=span.help-inline' is displayed.</msg>
<status status="PASS" starttime="20231116 13:23:54.338" endtime="20231116 13:23:54.353"/>
</kw>
<kw name="Element Text Should Be" library="SeleniumLibrary">
<arg>${msgError}</arg>
<arg>${error}</arg>
<doc>Verifies that element ``locator`` contains exact the text ``expected``.</doc>
<msg timestamp="20231116 13:23:54.353" level="INFO">Verifying element 'css=span.help-inline' contains exact text 'numeric value out of bounds (&lt;10 digits&gt;.&lt;0 digits&gt; expected)'.</msg>
<status status="PASS" starttime="20231116 13:23:54.353" endtime="20231116 13:23:54.400"/>
</kw>
<status status="PASS" starttime="20231116 13:23:54.338" endtime="20231116 13:23:54.400"/>
</kw>
<tag>Sc01</tag>
<status status="PASS" starttime="20231116 13:23:39.427" endtime="20231116 13:23:54.401"/>
</test>
<status status="PASS" starttime="20231116 13:23:39.342" endtime="20231116 13:23:54.401"/>
</suite>
<statistics>
<total>
<stat pass="1" fail="0" skip="0">All Tests</stat>
</total>
<tag>
<stat pass="1" fail="0" skip="0">Sc01</stat>
</tag>
<suite>
<stat pass="1" fail="0" skip="0" id="s1" name="PetClinic">PetClinic</stat>
</suite>
</statistics>
<errors>
</errors>
</robot>
