<?xml version="1.0" encoding="UTF-8"?>
<robot generator="Robot 6.1.1 (Python 3.11.6 on darwin)" generated="20231117 11:33:50.037" rpa="false" schemaversion="4">
<suite id="s1" name="Petclinic" source="/Users/Admin/Documents/Automation/Robot/petclinic/suites/Petclinic.robot">
<test id="s1-t1" name="Sc03: Search owner" line="24">
<kw name="Given User open &quot;Find owners&quot; menu" library="FindOwnersPage" type="SETUP">
<doc>Open website
Click button "Find owners" on navigation bar
Wait until search owner form displays</doc>
<kw name="User open petclinic website" library="HomePage">
<doc>Open and wait until homepage display</doc>
<kw name="Open Browser" library="SeleniumLibrary">
<arg>${URL}</arg>
<arg>chrome</arg>
<doc>Opens a new browser instance to the optional ``url``.</doc>
<msg timestamp="20231117 11:33:50.122" level="INFO">Opening browser 'chrome' to base url 'https://petclinic.justdev.tech/'.</msg>
<status status="PASS" starttime="20231117 11:33:50.122" endtime="20231117 11:33:58.862"/>
</kw>
<kw name="Maximize Browser Window" library="SeleniumLibrary">
<doc>Maximizes current browser window.</doc>
<status status="PASS" starttime="20231117 11:33:58.862" endtime="20231117 11:33:59.320"/>
</kw>
<kw name="Wait Until Element Is Visible" library="SeleniumLibrary">
<arg>${imgWelcome}</arg>
<arg>timeout=5</arg>
<doc>Waits until the element ``locator`` is visible.</doc>
<status status="PASS" starttime="20231117 11:33:59.320" endtime="20231117 11:33:59.480"/>
</kw>
<status status="PASS" starttime="20231117 11:33:50.122" endtime="20231117 11:33:59.481"/>
</kw>
<kw name="Click Element" library="SeleniumLibrary">
<arg>${btnFindOwners}</arg>
<doc>Click the element identified by ``locator``.</doc>
<msg timestamp="20231117 11:33:59.481" level="INFO">Clicking element 'css=a[href="/owners/find"]'.</msg>
<status status="PASS" starttime="20231117 11:33:59.481" endtime="20231117 11:34:00.224"/>
</kw>
<kw name="Wait Until Element Is Visible" library="SeleniumLibrary">
<arg>${searchOwnerForm}</arg>
<arg>timeout=5</arg>
<doc>Waits until the element ``locator`` is visible.</doc>
<status status="PASS" starttime="20231117 11:34:00.224" endtime="20231117 11:34:00.278"/>
</kw>
<status status="PASS" starttime="20231117 11:33:50.122" endtime="20231117 11:34:00.278"/>
</kw>
<kw name="Generate Random String" library="String">
<var>${lastname}</var>
<arg>10</arg>
<arg>[LETTERS]</arg>
<doc>Generates a string with a desired ``length`` from the given ``chars``.</doc>
<msg timestamp="20231117 11:34:00.278" level="INFO">${lastname} = EEGMAwahIo</msg>
<status status="PASS" starttime="20231117 11:34:00.278" endtime="20231117 11:34:00.278"/>
</kw>
<kw name="When User create owner first name:&quot;preData&quot;, last name:&quot;${lastname}&quot;, adress:&quot;preData&quot;, city:&quot;preData&quot;, telephone: &quot;0145874565&quot;" library="FindOwnersPage" sourcename="User create owner first name:&quot;${firstname}&quot;, last name:&quot;${lastname}&quot;, adress:&quot;${address}&quot;, city:&quot;${city}&quot;, telephone: &quot;${telephone}&quot;">
<doc>Set global variables for owner information
Enter info into form and click button "Add owner"</doc>
<kw name="Set Global Variable" library="BuiltIn">
<arg>${firstname}</arg>
<arg>${firstname}</arg>
<doc>Makes a variable available globally in all tests and suites.</doc>
<msg timestamp="20231117 11:34:00.278" level="INFO">${firstname} = preData</msg>
<status status="PASS" starttime="20231117 11:34:00.278" endtime="20231117 11:34:00.278"/>
</kw>
<kw name="Set Global Variable" library="BuiltIn">
<arg>${lastname}</arg>
<arg>${lastname}</arg>
<doc>Makes a variable available globally in all tests and suites.</doc>
<msg timestamp="20231117 11:34:00.278" level="INFO">${lastname} = EEGMAwahIo</msg>
<status status="PASS" starttime="20231117 11:34:00.278" endtime="20231117 11:34:00.278"/>
</kw>
<kw name="Set Global Variable" library="BuiltIn">
<arg>${address}</arg>
<arg>${address}</arg>
<doc>Makes a variable available globally in all tests and suites.</doc>
<msg timestamp="20231117 11:34:00.279" level="INFO">${address} = preData</msg>
<status status="PASS" starttime="20231117 11:34:00.279" endtime="20231117 11:34:00.279"/>
</kw>
<kw name="Set Global Variable" library="BuiltIn">
<arg>${city}</arg>
<arg>${city}</arg>
<doc>Makes a variable available globally in all tests and suites.</doc>
<msg timestamp="20231117 11:34:00.279" level="INFO">${city} = preData</msg>
<status status="PASS" starttime="20231117 11:34:00.279" endtime="20231117 11:34:00.279"/>
</kw>
<kw name="Set Global Variable" library="BuiltIn">
<arg>${telephone}</arg>
<arg>${telephone}</arg>
<doc>Makes a variable available globally in all tests and suites.</doc>
<msg timestamp="20231117 11:34:00.279" level="INFO">${telephone} = 0145874565</msg>
<status status="PASS" starttime="20231117 11:34:00.279" endtime="20231117 11:34:00.279"/>
</kw>
<kw name="User click button Add owner" library="FindOwnersPage">
<doc>Click button "Add owner"</doc>
<kw name="Click Element" library="SeleniumLibrary">
<arg>${btnAddOwner}</arg>
<doc>Click the element identified by ``locator``.</doc>
<msg timestamp="20231117 11:34:00.279" level="INFO">Clicking element 'css=a[href='/owners/new']'.</msg>
<status status="PASS" starttime="20231117 11:34:00.279" endtime="20231117 11:34:00.759"/>
</kw>
<kw name="Wait Until Element Is Visible" library="SeleniumLibrary">
<arg>${addOwnerForm}</arg>
<arg>timeout=5</arg>
<doc>Waits until the element ``locator`` is visible.</doc>
<status status="PASS" starttime="20231117 11:34:00.759" endtime="20231117 11:34:00.790"/>
</kw>
<status status="PASS" starttime="20231117 11:34:00.279" endtime="20231117 11:34:00.790"/>
</kw>
<kw name="User input firstname" library="FindOwnersPage">
<arg>${firstname}</arg>
<doc>Enter firstname if value is not empty</doc>
<if>
<branch type="IF" condition="&quot;${firstname}&quot; != &quot;${EMPTY}&quot;">
<kw name="Input Text" library="SeleniumLibrary">
<arg>${txtFirstname}</arg>
<arg>${firstname}</arg>
<doc>Types the given ``text`` into the text field identified by ``locator``.</doc>
<msg timestamp="20231117 11:34:00.791" level="INFO">Typing text 'preData' into text field 'id=firstName'.</msg>
<status status="PASS" starttime="20231117 11:34:00.791" endtime="20231117 11:34:01.103"/>
</kw>
<status status="PASS" starttime="20231117 11:34:00.791" endtime="20231117 11:34:01.103"/>
</branch>
<status status="PASS" starttime="20231117 11:34:00.791" endtime="20231117 11:34:01.103"/>
</if>
<status status="PASS" starttime="20231117 11:34:00.791" endtime="20231117 11:34:01.103"/>
</kw>
<kw name="User input lastname" library="FindOwnersPage">
<arg>${lastname}</arg>
<doc>Enter lastname if value is not empty</doc>
<if>
<branch type="IF" condition="&quot;${lastname}&quot; != &quot;${EMPTY}&quot;">
<kw name="Input Text" library="SeleniumLibrary">
<arg>${txtLastname}</arg>
<arg>${lastname}</arg>
<doc>Types the given ``text`` into the text field identified by ``locator``.</doc>
<msg timestamp="20231117 11:34:01.103" level="INFO">Typing text 'EEGMAwahIo' into text field 'id=lastName'.</msg>
<status status="PASS" starttime="20231117 11:34:01.103" endtime="20231117 11:34:01.334"/>
</kw>
<status status="PASS" starttime="20231117 11:34:01.103" endtime="20231117 11:34:01.334"/>
</branch>
<status status="PASS" starttime="20231117 11:34:01.103" endtime="20231117 11:34:01.334"/>
</if>
<status status="PASS" starttime="20231117 11:34:01.103" endtime="20231117 11:34:01.334"/>
</kw>
<kw name="User input address" library="FindOwnersPage">
<arg>${address}</arg>
<doc>Enter address if value is not empty</doc>
<if>
<branch type="IF" condition="&quot;${address}&quot; != &quot;${EMPTY}&quot;">
<kw name="Input Text" library="SeleniumLibrary">
<arg>${txtAddress}</arg>
<arg>${address}</arg>
<doc>Types the given ``text`` into the text field identified by ``locator``.</doc>
<msg timestamp="20231117 11:34:01.335" level="INFO">Typing text 'preData' into text field 'id=address'.</msg>
<status status="PASS" starttime="20231117 11:34:01.335" endtime="20231117 11:34:01.439"/>
</kw>
<status status="PASS" starttime="20231117 11:34:01.335" endtime="20231117 11:34:01.439"/>
</branch>
<status status="PASS" starttime="20231117 11:34:01.335" endtime="20231117 11:34:01.439"/>
</if>
<status status="PASS" starttime="20231117 11:34:01.334" endtime="20231117 11:34:01.440"/>
</kw>
<kw name="User input city" library="FindOwnersPage">
<arg>${city}</arg>
<doc>Enter city if value is not empty</doc>
<if>
<branch type="IF" condition="&quot;${city}&quot; != &quot;${EMPTY}&quot;">
<kw name="Input Text" library="SeleniumLibrary">
<arg>${txtCity}</arg>
<arg>${city}</arg>
<doc>Types the given ``text`` into the text field identified by ``locator``.</doc>
<msg timestamp="20231117 11:34:01.440" level="INFO">Typing text 'preData' into text field 'id=city'.</msg>
<status status="PASS" starttime="20231117 11:34:01.440" endtime="20231117 11:34:01.502"/>
</kw>
<status status="PASS" starttime="20231117 11:34:01.440" endtime="20231117 11:34:01.502"/>
</branch>
<status status="PASS" starttime="20231117 11:34:01.440" endtime="20231117 11:34:01.502"/>
</if>
<status status="PASS" starttime="20231117 11:34:01.440" endtime="20231117 11:34:01.502"/>
</kw>
<kw name="User input telephone" library="FindOwnersPage">
<arg>${telephone}</arg>
<doc>Enter telephone if value is not empty</doc>
<if>
<branch type="IF" condition="&quot;${telephone}&quot; != &quot;${EMPTY}&quot;">
<kw name="Input Text" library="SeleniumLibrary">
<arg>${txtTelephone}</arg>
<arg>${telephone}</arg>
<doc>Types the given ``text`` into the text field identified by ``locator``.</doc>
<msg timestamp="20231117 11:34:01.503" level="INFO">Typing text '0145874565' into text field 'id=telephone'.</msg>
<status status="PASS" starttime="20231117 11:34:01.502" endtime="20231117 11:34:01.564"/>
</kw>
<status status="PASS" starttime="20231117 11:34:01.502" endtime="20231117 11:34:01.564"/>
</branch>
<status status="PASS" starttime="20231117 11:34:01.502" endtime="20231117 11:34:01.564"/>
</if>
<status status="PASS" starttime="20231117 11:34:01.502" endtime="20231117 11:34:01.564"/>
</kw>
<kw name="User click button Create owner" library="FindOwnersPage">
<doc>Click button "Add owner"</doc>
<kw name="Click Element" library="SeleniumLibrary">
<arg>${btnSubmit}</arg>
<doc>Click the element identified by ``locator``.</doc>
<msg timestamp="20231117 11:34:01.565" level="INFO">Clicking element 'css=button[type='submit']'.</msg>
<status status="PASS" starttime="20231117 11:34:01.564" endtime="20231117 11:34:02.469"/>
</kw>
<status status="PASS" starttime="20231117 11:34:01.564" endtime="20231117 11:34:02.469"/>
</kw>
<status status="PASS" starttime="20231117 11:34:00.278" endtime="20231117 11:34:02.469"/>
</kw>
<kw name="Then Table Owner information should displays" library="FindOwnersPage">
<doc>Verify "Owner Information" table displays</doc>
<kw name="Element Should Be Visible" library="SeleniumLibrary">
<arg>${tableOwnerInfo}</arg>
<doc>Verifies that the element identified by ``locator`` is visible.</doc>
<msg timestamp="20231117 11:34:02.511" level="INFO">Element 'xpath=//h2[text()='Owner Information']' is displayed.</msg>
<status status="PASS" starttime="20231117 11:34:02.469" endtime="20231117 11:34:02.511"/>
</kw>
<status status="PASS" starttime="20231117 11:34:02.469" endtime="20231117 11:34:02.511"/>
</kw>
<kw name="And Name should same as Firstname and Lastname filled in previous screen" library="FindOwnersPage">
<doc>Verify "Name" field corresponds to Firstname and Lastname</doc>
<kw name="Catenate" library="BuiltIn">
<var>${name}</var>
<arg>${firstname}</arg>
<arg>${lastname}</arg>
<doc>Catenates the given items together and returns the resulted string.</doc>
<msg timestamp="20231117 11:34:02.511" level="INFO">${name} = preData EEGMAwahIo</msg>
<status status="PASS" starttime="20231117 11:34:02.511" endtime="20231117 11:34:02.511"/>
</kw>
<kw name="Element Text Should Be" library="SeleniumLibrary">
<arg>${lblName}</arg>
<arg>${name}</arg>
<doc>Verifies that element ``locator`` contains exact the text ``expected``.</doc>
<msg timestamp="20231117 11:34:02.512" level="INFO">Verifying element 'xpath=//th[text()='Name']/following::b' contains exact text 'preData EEGMAwahIo'.</msg>
<status status="PASS" starttime="20231117 11:34:02.511" endtime="20231117 11:34:02.568"/>
</kw>
<status status="PASS" starttime="20231117 11:34:02.511" endtime="20231117 11:34:02.568"/>
</kw>
<kw name="And Address should same as Address filled in previous screen" library="FindOwnersPage">
<doc>Verify "Address" field corresponds to Address</doc>
<kw name="Element Text Should Be" library="SeleniumLibrary">
<arg>${lblAddress}</arg>
<arg>${address}</arg>
<doc>Verifies that element ``locator`` contains exact the text ``expected``.</doc>
<msg timestamp="20231117 11:34:02.569" level="INFO">Verifying element 'xpath=//th[text()='Address']/following::td[1]' contains exact text 'preData'.</msg>
<status status="PASS" starttime="20231117 11:34:02.568" endtime="20231117 11:34:02.636"/>
</kw>
<status status="PASS" starttime="20231117 11:34:02.568" endtime="20231117 11:34:02.636"/>
</kw>
<kw name="And City should same as City filled in previous screen" library="FindOwnersPage">
<doc>Verify "City" field corresponds to City</doc>
<kw name="Element Text Should Be" library="SeleniumLibrary">
<arg>${lblCity}</arg>
<arg>${city}</arg>
<doc>Verifies that element ``locator`` contains exact the text ``expected``.</doc>
<msg timestamp="20231117 11:34:02.636" level="INFO">Verifying element 'xpath=//th[text()='City']/following::td[1]' contains exact text 'preData'.</msg>
<status status="PASS" starttime="20231117 11:34:02.636" endtime="20231117 11:34:02.647"/>
</kw>
<status status="PASS" starttime="20231117 11:34:02.636" endtime="20231117 11:34:02.647"/>
</kw>
<kw name="And Telephone should same as Telephone filled in previous screen" library="FindOwnersPage">
<doc>Verify "Telephone" field corresponds to Telephone</doc>
<kw name="Element Text Should Be" library="SeleniumLibrary">
<arg>${lblTelephone}</arg>
<arg>${telephone}</arg>
<doc>Verifies that element ``locator`` contains exact the text ``expected``.</doc>
<msg timestamp="20231117 11:34:02.648" level="INFO">Verifying element 'xpath=//th[text()='Telephone']/following::td[1]' contains exact text '0145874565'.</msg>
<status status="PASS" starttime="20231117 11:34:02.647" endtime="20231117 11:34:02.661"/>
</kw>
<status status="PASS" starttime="20231117 11:34:02.647" endtime="20231117 11:34:02.661"/>
</kw>
<kw name="When User search owner" library="FindOwnersPage">
<doc>Click button "Find owners" on navigation bar</doc>
<kw name="Click Element" library="SeleniumLibrary">
<arg>${btnFindOwners}</arg>
<doc>Click the element identified by ``locator``.</doc>
<msg timestamp="20231117 11:34:02.662" level="INFO">Clicking element 'css=a[href="/owners/find"]'.</msg>
<status status="PASS" starttime="20231117 11:34:02.661" endtime="20231117 11:34:03.293"/>
</kw>
<kw name="Wait Until Element Is Visible" library="SeleniumLibrary">
<arg>${searchOwnerForm}</arg>
<arg>timeout=5</arg>
<doc>Waits until the element ``locator`` is visible.</doc>
<status status="PASS" starttime="20231117 11:34:03.293" endtime="20231117 11:34:03.321"/>
</kw>
<status status="PASS" starttime="20231117 11:34:02.661" endtime="20231117 11:34:03.321"/>
</kw>
<kw name="And User search for previously created owner" library="FindOwnersPage">
<doc>Search owner with Lastname
Wait until owner information table displays</doc>
<kw name="User input lastname" library="FindOwnersPage">
<arg>${lastname}</arg>
<doc>Enter lastname if value is not empty</doc>
<if>
<branch type="IF" condition="&quot;${lastname}&quot; != &quot;${EMPTY}&quot;">
<kw name="Input Text" library="SeleniumLibrary">
<arg>${txtLastname}</arg>
<arg>${lastname}</arg>
<doc>Types the given ``text`` into the text field identified by ``locator``.</doc>
<msg timestamp="20231117 11:34:03.322" level="INFO">Typing text 'EEGMAwahIo' into text field 'id=lastName'.</msg>
<status status="PASS" starttime="20231117 11:34:03.321" endtime="20231117 11:34:03.381"/>
</kw>
<status status="PASS" starttime="20231117 11:34:03.321" endtime="20231117 11:34:03.381"/>
</branch>
<status status="PASS" starttime="20231117 11:34:03.321" endtime="20231117 11:34:03.381"/>
</if>
<status status="PASS" starttime="20231117 11:34:03.321" endtime="20231117 11:34:03.381"/>
</kw>
<kw name="Click Element" library="SeleniumLibrary">
<arg>${btnSubmit}</arg>
<doc>Click the element identified by ``locator``.</doc>
<msg timestamp="20231117 11:34:03.382" level="INFO">Clicking element 'css=button[type='submit']'.</msg>
<status status="PASS" starttime="20231117 11:34:03.382" endtime="20231117 11:34:04.622"/>
</kw>
<kw name="Element Should Be Visible" library="SeleniumLibrary">
<arg>${tableOwnerInfo}</arg>
<doc>Verifies that the element identified by ``locator`` is visible.</doc>
<msg timestamp="20231117 11:34:04.665" level="INFO">Element 'xpath=//h2[text()='Owner Information']' is displayed.</msg>
<status status="PASS" starttime="20231117 11:34:04.622" endtime="20231117 11:34:04.665"/>
</kw>
<status status="PASS" starttime="20231117 11:34:03.321" endtime="20231117 11:34:04.665"/>
</kw>
<kw name="Then Table Owner information should displays" library="FindOwnersPage">
<doc>Verify "Owner Information" table displays</doc>
<kw name="Element Should Be Visible" library="SeleniumLibrary">
<arg>${tableOwnerInfo}</arg>
<doc>Verifies that the element identified by ``locator`` is visible.</doc>
<msg timestamp="20231117 11:34:04.676" level="INFO">Element 'xpath=//h2[text()='Owner Information']' is displayed.</msg>
<status status="PASS" starttime="20231117 11:34:04.665" endtime="20231117 11:34:04.676"/>
</kw>
<status status="PASS" starttime="20231117 11:34:04.665" endtime="20231117 11:34:04.676"/>
</kw>
<kw name="And Name should same as Firstname and Lastname filled in previous screen" library="FindOwnersPage">
<doc>Verify "Name" field corresponds to Firstname and Lastname</doc>
<kw name="Catenate" library="BuiltIn">
<var>${name}</var>
<arg>${firstname}</arg>
<arg>${lastname}</arg>
<doc>Catenates the given items together and returns the resulted string.</doc>
<msg timestamp="20231117 11:34:04.676" level="INFO">${name} = preData EEGMAwahIo</msg>
<status status="PASS" starttime="20231117 11:34:04.676" endtime="20231117 11:34:04.676"/>
</kw>
<kw name="Element Text Should Be" library="SeleniumLibrary">
<arg>${lblName}</arg>
<arg>${name}</arg>
<doc>Verifies that element ``locator`` contains exact the text ``expected``.</doc>
<msg timestamp="20231117 11:34:04.676" level="INFO">Verifying element 'xpath=//th[text()='Name']/following::b' contains exact text 'preData EEGMAwahIo'.</msg>
<status status="PASS" starttime="20231117 11:34:04.676" endtime="20231117 11:34:04.711"/>
</kw>
<status status="PASS" starttime="20231117 11:34:04.676" endtime="20231117 11:34:04.711"/>
</kw>
<kw name="And Address should same as Address filled in previous screen" library="FindOwnersPage">
<doc>Verify "Address" field corresponds to Address</doc>
<kw name="Element Text Should Be" library="SeleniumLibrary">
<arg>${lblAddress}</arg>
<arg>${address}</arg>
<doc>Verifies that element ``locator`` contains exact the text ``expected``.</doc>
<msg timestamp="20231117 11:34:04.711" level="INFO">Verifying element 'xpath=//th[text()='Address']/following::td[1]' contains exact text 'preData'.</msg>
<status status="PASS" starttime="20231117 11:34:04.711" endtime="20231117 11:34:04.744"/>
</kw>
<status status="PASS" starttime="20231117 11:34:04.711" endtime="20231117 11:34:04.744"/>
</kw>
<kw name="And City should same as City filled in previous screen" library="FindOwnersPage">
<doc>Verify "City" field corresponds to City</doc>
<kw name="Element Text Should Be" library="SeleniumLibrary">
<arg>${lblCity}</arg>
<arg>${city}</arg>
<doc>Verifies that element ``locator`` contains exact the text ``expected``.</doc>
<msg timestamp="20231117 11:34:04.745" level="INFO">Verifying element 'xpath=//th[text()='City']/following::td[1]' contains exact text 'preData'.</msg>
<status status="PASS" starttime="20231117 11:34:04.744" endtime="20231117 11:34:04.777"/>
</kw>
<status status="PASS" starttime="20231117 11:34:04.744" endtime="20231117 11:34:04.777"/>
</kw>
<kw name="And Telephone should same as Telephone filled in previous screen" library="FindOwnersPage">
<doc>Verify "Telephone" field corresponds to Telephone</doc>
<kw name="Element Text Should Be" library="SeleniumLibrary">
<arg>${lblTelephone}</arg>
<arg>${telephone}</arg>
<doc>Verifies that element ``locator`` contains exact the text ``expected``.</doc>
<msg timestamp="20231117 11:34:04.778" level="INFO">Verifying element 'xpath=//th[text()='Telephone']/following::td[1]' contains exact text '0145874565'.</msg>
<status status="PASS" starttime="20231117 11:34:04.777" endtime="20231117 11:34:04.809"/>
</kw>
<status status="PASS" starttime="20231117 11:34:04.777" endtime="20231117 11:34:04.809"/>
</kw>
<kw name="Close All Browsers" library="SeleniumLibrary" type="TEARDOWN">
<doc>Closes all open browsers and resets the browser cache.</doc>
<status status="PASS" starttime="20231117 11:34:04.809" endtime="20231117 11:34:04.882"/>
</kw>
<tag>Sc03</tag>
<status status="PASS" starttime="20231117 11:33:50.121" endtime="20231117 11:34:04.882"/>
</test>
<status status="PASS" starttime="20231117 11:33:50.037" endtime="20231117 11:34:04.883"/>
</suite>
<statistics>
<total>
<stat pass="1" fail="0" skip="0">All Tests</stat>
</total>
<tag>
<stat pass="1" fail="0" skip="0">Sc03</stat>
</tag>
<suite>
<stat pass="1" fail="0" skip="0" id="s1" name="Petclinic">Petclinic</stat>
</suite>
</statistics>
<errors>
</errors>
</robot>
