<?xml version="1.0" encoding="UTF-8"?>
<robot generator="Robot 6.1.1 (Python 3.11.6 on darwin)" generated="20231117 11:33:28.712" rpa="false" schemaversion="4">
<suite id="s1" name="Petclinic" source="/Users/Admin/Documents/Automation/Robot/petclinic/suites/Petclinic.robot">
<test id="s1-t1" name="Sc02: Create owner successfully" line="15">
<kw name="Given User open &quot;Find owners&quot; menu" library="FindOwnersPage" type="SETUP">
<doc>Open website
Click button "Find owners" on navigation bar
Wait until search owner form displays</doc>
<kw name="User open petclinic website" library="HomePage">
<doc>Open and wait until homepage display</doc>
<kw name="Open Browser" library="SeleniumLibrary">
<arg>${URL}</arg>
<arg>chrome</arg>
<doc>Opens a new browser instance to the optional ``url``.</doc>
<msg timestamp="20231117 11:33:28.794" level="INFO">Opening browser 'chrome' to base url 'https://petclinic.justdev.tech/'.</msg>
<status status="PASS" starttime="20231117 11:33:28.794" endtime="20231117 11:33:38.539"/>
</kw>
<kw name="Maximize Browser Window" library="SeleniumLibrary">
<doc>Maximizes current browser window.</doc>
<status status="PASS" starttime="20231117 11:33:38.539" endtime="20231117 11:33:39.002"/>
</kw>
<kw name="Wait Until Element Is Visible" library="SeleniumLibrary">
<arg>${imgWelcome}</arg>
<arg>timeout=5</arg>
<doc>Waits until the element ``locator`` is visible.</doc>
<status status="PASS" starttime="20231117 11:33:39.003" endtime="20231117 11:33:39.151"/>
</kw>
<status status="PASS" starttime="20231117 11:33:28.793" endtime="20231117 11:33:39.151"/>
</kw>
<kw name="Click Element" library="SeleniumLibrary">
<arg>${btnFindOwners}</arg>
<doc>Click the element identified by ``locator``.</doc>
<msg timestamp="20231117 11:33:39.152" level="INFO">Clicking element 'css=a[href="/owners/find"]'.</msg>
<status status="PASS" starttime="20231117 11:33:39.151" endtime="20231117 11:33:39.832"/>
</kw>
<kw name="Wait Until Element Is Visible" library="SeleniumLibrary">
<arg>${searchOwnerForm}</arg>
<arg>timeout=5</arg>
<doc>Waits until the element ``locator`` is visible.</doc>
<status status="PASS" starttime="20231117 11:33:39.832" endtime="20231117 11:33:39.871"/>
</kw>
<status status="PASS" starttime="20231117 11:33:28.793" endtime="20231117 11:33:39.871"/>
</kw>
<kw name="When User create owner first name:&quot;toto&quot;, last name:&quot;paul&quot;, adress:&quot;une rue&quot;, city:&quot;todo&quot;, telephone: &quot;0145874563&quot;" library="FindOwnersPage" sourcename="User create owner first name:&quot;${firstname}&quot;, last name:&quot;${lastname}&quot;, adress:&quot;${address}&quot;, city:&quot;${city}&quot;, telephone: &quot;${telephone}&quot;">
<doc>Set global variables for owner information
Enter info into form and click button "Add owner"</doc>
<kw name="Set Global Variable" library="BuiltIn">
<arg>${firstname}</arg>
<arg>${firstname}</arg>
<doc>Makes a variable available globally in all tests and suites.</doc>
<msg timestamp="20231117 11:33:39.872" level="INFO">${firstname} = toto</msg>
<status status="PASS" starttime="20231117 11:33:39.872" endtime="20231117 11:33:39.872"/>
</kw>
<kw name="Set Global Variable" library="BuiltIn">
<arg>${lastname}</arg>
<arg>${lastname}</arg>
<doc>Makes a variable available globally in all tests and suites.</doc>
<msg timestamp="20231117 11:33:39.872" level="INFO">${lastname} = paul</msg>
<status status="PASS" starttime="20231117 11:33:39.872" endtime="20231117 11:33:39.872"/>
</kw>
<kw name="Set Global Variable" library="BuiltIn">
<arg>${address}</arg>
<arg>${address}</arg>
<doc>Makes a variable available globally in all tests and suites.</doc>
<msg timestamp="20231117 11:33:39.872" level="INFO">${address} = une rue</msg>
<status status="PASS" starttime="20231117 11:33:39.872" endtime="20231117 11:33:39.872"/>
</kw>
<kw name="Set Global Variable" library="BuiltIn">
<arg>${city}</arg>
<arg>${city}</arg>
<doc>Makes a variable available globally in all tests and suites.</doc>
<msg timestamp="20231117 11:33:39.872" level="INFO">${city} = todo</msg>
<status status="PASS" starttime="20231117 11:33:39.872" endtime="20231117 11:33:39.872"/>
</kw>
<kw name="Set Global Variable" library="BuiltIn">
<arg>${telephone}</arg>
<arg>${telephone}</arg>
<doc>Makes a variable available globally in all tests and suites.</doc>
<msg timestamp="20231117 11:33:39.872" level="INFO">${telephone} = 0145874563</msg>
<status status="PASS" starttime="20231117 11:33:39.872" endtime="20231117 11:33:39.872"/>
</kw>
<kw name="User click button Add owner" library="FindOwnersPage">
<doc>Click button "Add owner"</doc>
<kw name="Click Element" library="SeleniumLibrary">
<arg>${btnAddOwner}</arg>
<doc>Click the element identified by ``locator``.</doc>
<msg timestamp="20231117 11:33:39.872" level="INFO">Clicking element 'css=a[href='/owners/new']'.</msg>
<status status="PASS" starttime="20231117 11:33:39.872" endtime="20231117 11:33:40.264"/>
</kw>
<kw name="Wait Until Element Is Visible" library="SeleniumLibrary">
<arg>${addOwnerForm}</arg>
<arg>timeout=5</arg>
<doc>Waits until the element ``locator`` is visible.</doc>
<status status="PASS" starttime="20231117 11:33:40.264" endtime="20231117 11:33:40.295"/>
</kw>
<status status="PASS" starttime="20231117 11:33:39.872" endtime="20231117 11:33:40.295"/>
</kw>
<kw name="User input firstname" library="FindOwnersPage">
<arg>${firstname}</arg>
<doc>Enter firstname if value is not empty</doc>
<if>
<branch type="IF" condition="&quot;${firstname}&quot; != &quot;${EMPTY}&quot;">
<kw name="Input Text" library="SeleniumLibrary">
<arg>${txtFirstname}</arg>
<arg>${firstname}</arg>
<doc>Types the given ``text`` into the text field identified by ``locator``.</doc>
<msg timestamp="20231117 11:33:40.296" level="INFO">Typing text 'toto' into text field 'id=firstName'.</msg>
<status status="PASS" starttime="20231117 11:33:40.296" endtime="20231117 11:33:40.560"/>
</kw>
<status status="PASS" starttime="20231117 11:33:40.295" endtime="20231117 11:33:40.560"/>
</branch>
<status status="PASS" starttime="20231117 11:33:40.295" endtime="20231117 11:33:40.560"/>
</if>
<status status="PASS" starttime="20231117 11:33:40.295" endtime="20231117 11:33:40.560"/>
</kw>
<kw name="User input lastname" library="FindOwnersPage">
<arg>${lastname}</arg>
<doc>Enter lastname if value is not empty</doc>
<if>
<branch type="IF" condition="&quot;${lastname}&quot; != &quot;${EMPTY}&quot;">
<kw name="Input Text" library="SeleniumLibrary">
<arg>${txtLastname}</arg>
<arg>${lastname}</arg>
<doc>Types the given ``text`` into the text field identified by ``locator``.</doc>
<msg timestamp="20231117 11:33:40.561" level="INFO">Typing text 'paul' into text field 'id=lastName'.</msg>
<status status="PASS" starttime="20231117 11:33:40.561" endtime="20231117 11:33:40.774"/>
</kw>
<status status="PASS" starttime="20231117 11:33:40.560" endtime="20231117 11:33:40.774"/>
</branch>
<status status="PASS" starttime="20231117 11:33:40.560" endtime="20231117 11:33:40.774"/>
</if>
<status status="PASS" starttime="20231117 11:33:40.560" endtime="20231117 11:33:40.774"/>
</kw>
<kw name="User input address" library="FindOwnersPage">
<arg>${address}</arg>
<doc>Enter address if value is not empty</doc>
<if>
<branch type="IF" condition="&quot;${address}&quot; != &quot;${EMPTY}&quot;">
<kw name="Input Text" library="SeleniumLibrary">
<arg>${txtAddress}</arg>
<arg>${address}</arg>
<doc>Types the given ``text`` into the text field identified by ``locator``.</doc>
<msg timestamp="20231117 11:33:40.775" level="INFO">Typing text 'une rue' into text field 'id=address'.</msg>
<status status="PASS" starttime="20231117 11:33:40.775" endtime="20231117 11:33:40.846"/>
</kw>
<status status="PASS" starttime="20231117 11:33:40.775" endtime="20231117 11:33:40.846"/>
</branch>
<status status="PASS" starttime="20231117 11:33:40.775" endtime="20231117 11:33:40.846"/>
</if>
<status status="PASS" starttime="20231117 11:33:40.774" endtime="20231117 11:33:40.846"/>
</kw>
<kw name="User input city" library="FindOwnersPage">
<arg>${city}</arg>
<doc>Enter city if value is not empty</doc>
<if>
<branch type="IF" condition="&quot;${city}&quot; != &quot;${EMPTY}&quot;">
<kw name="Input Text" library="SeleniumLibrary">
<arg>${txtCity}</arg>
<arg>${city}</arg>
<doc>Types the given ``text`` into the text field identified by ``locator``.</doc>
<msg timestamp="20231117 11:33:40.847" level="INFO">Typing text 'todo' into text field 'id=city'.</msg>
<status status="PASS" starttime="20231117 11:33:40.847" endtime="20231117 11:33:40.892"/>
</kw>
<status status="PASS" starttime="20231117 11:33:40.847" endtime="20231117 11:33:40.892"/>
</branch>
<status status="PASS" starttime="20231117 11:33:40.847" endtime="20231117 11:33:40.892"/>
</if>
<status status="PASS" starttime="20231117 11:33:40.847" endtime="20231117 11:33:40.892"/>
</kw>
<kw name="User input telephone" library="FindOwnersPage">
<arg>${telephone}</arg>
<doc>Enter telephone if value is not empty</doc>
<if>
<branch type="IF" condition="&quot;${telephone}&quot; != &quot;${EMPTY}&quot;">
<kw name="Input Text" library="SeleniumLibrary">
<arg>${txtTelephone}</arg>
<arg>${telephone}</arg>
<doc>Types the given ``text`` into the text field identified by ``locator``.</doc>
<msg timestamp="20231117 11:33:40.893" level="INFO">Typing text '0145874563' into text field 'id=telephone'.</msg>
<status status="PASS" starttime="20231117 11:33:40.893" endtime="20231117 11:33:40.960"/>
</kw>
<status status="PASS" starttime="20231117 11:33:40.892" endtime="20231117 11:33:40.960"/>
</branch>
<status status="PASS" starttime="20231117 11:33:40.892" endtime="20231117 11:33:40.960"/>
</if>
<status status="PASS" starttime="20231117 11:33:40.892" endtime="20231117 11:33:40.960"/>
</kw>
<kw name="User click button Create owner" library="FindOwnersPage">
<doc>Click button "Add owner"</doc>
<kw name="Click Element" library="SeleniumLibrary">
<arg>${btnSubmit}</arg>
<doc>Click the element identified by ``locator``.</doc>
<msg timestamp="20231117 11:33:40.961" level="INFO">Clicking element 'css=button[type='submit']'.</msg>
<status status="PASS" starttime="20231117 11:33:40.961" endtime="20231117 11:33:41.836"/>
</kw>
<status status="PASS" starttime="20231117 11:33:40.960" endtime="20231117 11:33:41.836"/>
</kw>
<status status="PASS" starttime="20231117 11:33:39.871" endtime="20231117 11:33:41.836"/>
</kw>
<kw name="Then Table Owner information should displays" library="FindOwnersPage">
<doc>Verify "Owner Information" table displays</doc>
<kw name="Element Should Be Visible" library="SeleniumLibrary">
<arg>${tableOwnerInfo}</arg>
<doc>Verifies that the element identified by ``locator`` is visible.</doc>
<msg timestamp="20231117 11:33:41.876" level="INFO">Element 'xpath=//h2[text()='Owner Information']' is displayed.</msg>
<status status="PASS" starttime="20231117 11:33:41.836" endtime="20231117 11:33:41.876"/>
</kw>
<status status="PASS" starttime="20231117 11:33:41.836" endtime="20231117 11:33:41.876"/>
</kw>
<kw name="And Name should same as Firstname and Lastname filled in previous screen" library="FindOwnersPage">
<doc>Verify "Name" field corresponds to Firstname and Lastname</doc>
<kw name="Catenate" library="BuiltIn">
<var>${name}</var>
<arg>${firstname}</arg>
<arg>${lastname}</arg>
<doc>Catenates the given items together and returns the resulted string.</doc>
<msg timestamp="20231117 11:33:41.876" level="INFO">${name} = toto paul</msg>
<status status="PASS" starttime="20231117 11:33:41.876" endtime="20231117 11:33:41.876"/>
</kw>
<kw name="Element Text Should Be" library="SeleniumLibrary">
<arg>${lblName}</arg>
<arg>${name}</arg>
<doc>Verifies that element ``locator`` contains exact the text ``expected``.</doc>
<msg timestamp="20231117 11:33:41.877" level="INFO">Verifying element 'xpath=//th[text()='Name']/following::b' contains exact text 'toto paul'.</msg>
<status status="PASS" starttime="20231117 11:33:41.876" endtime="20231117 11:33:41.929"/>
</kw>
<status status="PASS" starttime="20231117 11:33:41.876" endtime="20231117 11:33:41.929"/>
</kw>
<kw name="And Address should same as Address filled in previous screen" library="FindOwnersPage">
<doc>Verify "Address" field corresponds to Address</doc>
<kw name="Element Text Should Be" library="SeleniumLibrary">
<arg>${lblAddress}</arg>
<arg>${address}</arg>
<doc>Verifies that element ``locator`` contains exact the text ``expected``.</doc>
<msg timestamp="20231117 11:33:41.929" level="INFO">Verifying element 'xpath=//th[text()='Address']/following::td[1]' contains exact text 'une rue'.</msg>
<status status="PASS" starttime="20231117 11:33:41.929" endtime="20231117 11:33:41.992"/>
</kw>
<status status="PASS" starttime="20231117 11:33:41.929" endtime="20231117 11:33:41.992"/>
</kw>
<kw name="And City should same as City filled in previous screen" library="FindOwnersPage">
<doc>Verify "City" field corresponds to City</doc>
<kw name="Element Text Should Be" library="SeleniumLibrary">
<arg>${lblCity}</arg>
<arg>${city}</arg>
<doc>Verifies that element ``locator`` contains exact the text ``expected``.</doc>
<msg timestamp="20231117 11:33:41.993" level="INFO">Verifying element 'xpath=//th[text()='City']/following::td[1]' contains exact text 'todo'.</msg>
<status status="PASS" starttime="20231117 11:33:41.993" endtime="20231117 11:33:42.004"/>
</kw>
<status status="PASS" starttime="20231117 11:33:41.992" endtime="20231117 11:33:42.004"/>
</kw>
<kw name="And Telephone should same as Telephone filled in previous screen" library="FindOwnersPage">
<doc>Verify "Telephone" field corresponds to Telephone</doc>
<kw name="Element Text Should Be" library="SeleniumLibrary">
<arg>${lblTelephone}</arg>
<arg>${telephone}</arg>
<doc>Verifies that element ``locator`` contains exact the text ``expected``.</doc>
<msg timestamp="20231117 11:33:42.004" level="INFO">Verifying element 'xpath=//th[text()='Telephone']/following::td[1]' contains exact text '0145874563'.</msg>
<status status="PASS" starttime="20231117 11:33:42.004" endtime="20231117 11:33:42.015"/>
</kw>
<status status="PASS" starttime="20231117 11:33:42.004" endtime="20231117 11:33:42.015"/>
</kw>
<kw name="Close All Browsers" library="SeleniumLibrary" type="TEARDOWN">
<doc>Closes all open browsers and resets the browser cache.</doc>
<status status="PASS" starttime="20231117 11:33:42.015" endtime="20231117 11:33:42.083"/>
</kw>
<tag>Sc02</tag>
<status status="PASS" starttime="20231117 11:33:28.793" endtime="20231117 11:33:42.083"/>
</test>
<status status="PASS" starttime="20231117 11:33:28.712" endtime="20231117 11:33:42.084"/>
</suite>
<statistics>
<total>
<stat pass="1" fail="0" skip="0">All Tests</stat>
</total>
<tag>
<stat pass="1" fail="0" skip="0">Sc02</stat>
</tag>
<suite>
<stat pass="1" fail="0" skip="0" id="s1" name="Petclinic">Petclinic</stat>
</suite>
</statistics>
<errors>
</errors>
</robot>
